2024-10-10 00:49:13,688 [ERROR] LogOutputStream:75 - [STDERR_REDIRECT] 
2024-10-10 00:50:49,712 [INFO] Activator:176 - 


2024-10-10 00:50:49,714 [INFO] Activator:177 - !SESSION log4j initialized
2024-10-10 00:50:50,642 [INFO] LogOutputStream:77 - [STDOUT_REDIRECT] 
2024-10-10 00:50:53,634 [ERROR] LogOutputStream:75 - [STDERR_REDIRECT] 
2024-10-10 00:50:56,393 [ERROR] LogOutputStream:75 - [STDERR_REDIRECT] [Fatal Error] :2:10: 當功能 "http://apache.org/xml/features/disallow-doctype-decl" 設為真時，不允許 DOCTYPE。
2024-10-10 00:50:56,394 [ERROR] LogOutputStream:75 - [STDERR_REDIRECT] 
2024-10-10 00:51:00,773 [INFO] LogOutputStream:77 - [STDOUT_REDIRECT] 
2024-10-10 00:51:03,590 [INFO] ApplicationProperties:184 - Using Application install path: /Applications/STM32CubeIDE.app/Contents/Eclipse/plugins/com.st.stm32cube.common.mx_6.12.0.202406281431
2024-10-10 00:51:03,605 [INFO] DbMcusXml:78 - Set database path to: /Applications/STM32CubeIDE.app/Contents/Eclipse/plugins/com.st.stm32cube.common.mx_6.12.0.202406281431//db//mcu/
2024-10-10 00:51:03,606 [INFO] ApiDb:274 - Set plugin database path to: /Applications/STM32CubeIDE.app/Contents/Eclipse/plugins/com.st.stm32cube.common.mx_6.12.0.202406281431//db//plugins/boardmanager/
2024-10-10 00:51:03,606 [WARN] ApiDb:259 - Overriding images path with different value:  => /Applications/STM32CubeIDE.app/Contents/Eclipse/plugins/com.st.stm32cube.common.mx_6.12.0.202406281431//db//plugins/mcufinder/images/
2024-10-10 00:51:03,613 [INFO] ApiDb:250 - Set database path to: /Users/walkerhsu/.stmcufinder/plugins/mcufinder//mcu/
2024-10-10 00:51:03,613 [INFO] DbMcusAds:125 - Set database path to: /Users/walkerhsu/.stmcufinder/plugins/mcufinder//mcu/
2024-10-10 00:51:03,615 [INFO] CrossReferenceDbSqlite:203 - Set database path to: /Users/walkerhsu/.stmcufinder/plugins/mcufinder//mcu/cs/
2024-10-10 00:51:03,738 [INFO] RulesReader:64 - Compatibility file has been processed (297 Rules)
2024-10-10 00:51:03,813 [INFO] DbMcusXml:78 - Set database path to: /Applications/STM32CubeIDE.app/Contents/Eclipse/plugins/com.st.stm32cube.common.mx_6.12.0.202406281431//db//mcu/
2024-10-10 00:51:03,813 [INFO] ApiDb:274 - Set plugin database path to: /Applications/STM32CubeIDE.app/Contents/Eclipse/plugins/com.st.stm32cube.common.mx_6.12.0.202406281431//db//plugins/boardmanager/
2024-10-10 00:51:03,813 [INFO] ApiDb:261 - Set plugin images path to: /Applications/STM32CubeIDE.app/Contents/Eclipse/plugins/com.st.stm32cube.common.mx_6.12.0.202406281431//db//plugins/mcufinder/images/
2024-10-10 00:51:03,814 [WARN] DbFile:41 - Overriding database path with different value: /Users/walkerhsu/.stmcufinder/plugins/mcufinder/ => /Users/walkerhsu/.stmcufinder/plugins/mcufinder
2024-10-10 00:51:03,814 [INFO] ApiDb:250 - Set database path to: /Users/walkerhsu/.stmcufinder/plugins/mcufinder//mcu/
2024-10-10 00:51:03,814 [WARN] DbFile:41 - Overriding database path with different value: /Users/walkerhsu/.stmcufinder/plugins/mcufinder/ => /Users/walkerhsu/.stmcufinder/plugins/mcufinder
2024-10-10 00:51:03,814 [INFO] DbMcusAds:125 - Set database path to: /Users/walkerhsu/.stmcufinder/plugins/mcufinder//mcu/
2024-10-10 00:51:03,814 [WARN] DbFile:41 - Overriding database path with different value: /Users/walkerhsu/.stmcufinder/plugins/mcufinder/ => /Users/walkerhsu/.stmcufinder/plugins/mcufinder
2024-10-10 00:51:03,814 [WARN] DbFile:41 - Overriding database path with different value: /Users/walkerhsu/.stmcufinder/plugins/mcufinder/ => /Users/walkerhsu/.stmcufinder/plugins/mcufinder
2024-10-10 00:51:03,814 [INFO] CrossReferenceDbSqlite:203 - Set database path to: /Users/walkerhsu/.stmcufinder/plugins/mcufinder//mcu/cs/
2024-10-10 00:51:03,979 [INFO] MainPanel:268 - HeapMemory: 268435456
2024-10-10 00:51:07,898 [INFO] DbMcusXml:78 - Set database path to: /Applications/STM32CubeIDE.app/Contents/Eclipse/plugins/com.st.stm32cube.common.mx_6.12.0.202406281431//db//mcu/
2024-10-10 00:51:07,898 [INFO] ApiDb:274 - Set plugin database path to: /Applications/STM32CubeIDE.app/Contents/Eclipse/plugins/com.st.stm32cube.common.mx_6.12.0.202406281431//db//plugins/boardmanager/
2024-10-10 00:51:07,900 [INFO] ApiDb:261 - Set plugin images path to: /Applications/STM32CubeIDE.app/Contents/Eclipse/plugins/com.st.stm32cube.common.mx_6.12.0.202406281431//db//plugins/mcufinder/images/
2024-10-10 00:51:07,900 [WARN] DbFile:41 - Overriding database path with different value: /Users/walkerhsu/.stmcufinder/plugins/mcufinder/ => /Users/walkerhsu/.stmcufinder/plugins/mcufinder
2024-10-10 00:51:07,900 [INFO] ApiDb:250 - Set database path to: /Users/walkerhsu/.stmcufinder/plugins/mcufinder//mcu/
2024-10-10 00:51:07,900 [WARN] DbFile:41 - Overriding database path with different value: /Users/walkerhsu/.stmcufinder/plugins/mcufinder/ => /Users/walkerhsu/.stmcufinder/plugins/mcufinder
2024-10-10 00:51:07,900 [INFO] DbMcusAds:125 - Set database path to: /Users/walkerhsu/.stmcufinder/plugins/mcufinder//mcu/
2024-10-10 00:51:07,900 [WARN] DbFile:41 - Overriding database path with different value: /Users/walkerhsu/.stmcufinder/plugins/mcufinder/ => /Users/walkerhsu/.stmcufinder/plugins/mcufinder
2024-10-10 00:51:07,900 [WARN] DbFile:41 - Overriding database path with different value: /Users/walkerhsu/.stmcufinder/plugins/mcufinder/ => /Users/walkerhsu/.stmcufinder/plugins/mcufinder
2024-10-10 00:51:07,901 [INFO] CrossReferenceDbSqlite:203 - Set database path to: /Users/walkerhsu/.stmcufinder/plugins/mcufinder//mcu/cs/
2024-10-10 00:51:07,921 [INFO] ApplicationProperties:184 - Using Application install path: /Applications/STM32CubeIDE.app/Contents/Eclipse/plugins/com.st.stm32cube.common.mx_6.12.0.202406281431
2024-10-10 00:51:07,922 [INFO] PluginManage:196 - Search for loadable plugins [exclusion list=, ]
2024-10-10 00:51:07,924 [INFO] PluginManage:310 - Check plugin analytics
2024-10-10 00:51:13,151 [INFO] AnalyticsPlugin:253 - Accepted Software Licenses: 
2024-10-10 00:51:13,151 [INFO] AnalyticsPlugin:255 - Accepted CMSIS Pack Licenses: 
2024-10-10 00:51:13,151 [INFO] AnalyticsPlugin:257 - Accepted Firmware Licenses: FW.L4.1.18.0
2024-10-10 00:51:13,158 [INFO] PluginManage:359 - Loaded plugin analytics (category:tool,tabindex:-1)
2024-10-10 00:51:13,160 [INFO] PluginManage:310 - Check plugin cadmodel
2024-10-10 00:51:13,182 [INFO] CADModel:105 - Init CAD model plugin
2024-10-10 00:51:13,182 [INFO] PluginManage:359 - Loaded plugin cadmodel (category:power,tabindex:5)
2024-10-10 00:51:13,182 [INFO] PluginManage:310 - Check plugin clock
2024-10-10 00:51:13,200 [INFO] PluginManage:359 - Loaded plugin clock (category:base,tabindex:2)
2024-10-10 00:51:13,200 [INFO] PluginManage:310 - Check plugin ddr
2024-10-10 00:51:13,201 [INFO] PluginManage:359 - Loaded plugin ddr (category:tool,tabindex:6)
2024-10-10 00:51:13,201 [INFO] PluginManage:310 - Check plugin filemanager
2024-10-10 00:51:13,329 [INFO] PluginManage:359 - Loaded plugin filemanager (category:base,tabindex:10)
2024-10-10 00:51:13,330 [INFO] PluginManage:310 - Check plugin ipmanager
2024-10-10 00:51:13,337 [INFO] PluginManage:359 - Loaded plugin ipmanager (category:base,tabindex:5)
2024-10-10 00:51:13,337 [INFO] PluginManage:310 - Check plugin lpbam
2024-10-10 00:51:13,356 [INFO] PluginManage:359 - Loaded plugin lpbam (category:base,tabindex:0)
2024-10-10 00:51:13,356 [INFO] PluginManage:310 - Check plugin memorymap
2024-10-10 00:51:13,372 [INFO] PluginManage:359 - Loaded plugin memorymap (category:base,tabindex:4)
2024-10-10 00:51:13,372 [INFO] PluginManage:310 - Check plugin pinoutandconfiguration
2024-10-10 00:51:13,386 [INFO] PluginManage:359 - Loaded plugin pinoutandconfiguration (category:base,tabindex:1)
2024-10-10 00:51:13,386 [INFO] PluginManage:310 - Check plugin pinoutconfig
2024-10-10 00:51:13,469 [WARN] SupportedApi:132 - Cannot load RTOS API schema: s4s-elt-must-match.1: The content of 'definitions' must match (annotation?, (simpleType | complexType)?, (unique | key | keyref)*)). A problem was found starting at: attribute.
2024-10-10 00:51:13,576 [INFO] PluginManage:359 - Loaded plugin pinoutconfig (category:base,tabindex:0)
2024-10-10 00:51:13,576 [INFO] PluginManage:310 - Check plugin power
2024-10-10 00:51:13,598 [INFO] PluginManage:359 - Loaded plugin power (category:power,tabindex:4)
2024-10-10 00:51:13,598 [INFO] PluginManage:310 - Check plugin projectmanager
2024-10-10 00:51:13,624 [INFO] PluginManage:359 - Loaded plugin projectmanager (category:projectmanager,tabindex:4)
2024-10-10 00:51:13,624 [INFO] PluginManage:310 - Check plugin rif
2024-10-10 00:51:13,637 [INFO] PluginManage:359 - Loaded plugin rif (category:base,tabindex:3)
2024-10-10 00:51:13,637 [INFO] PluginManage:310 - Check plugin thirdparty
2024-10-10 00:51:13,917 [INFO] PluginManage:359 - Loaded plugin thirdparty (category:base,tabindex:-1)
2024-10-10 00:51:13,917 [INFO] PluginManage:310 - Check plugin tools
2024-10-10 00:51:13,917 [WARN] IntegrityCheckThread:84 - waiting for thirdparty lock release [integrity check]
2024-10-10 00:51:13,918 [INFO] IntegrityCheckThread:86 - entering critical section [integrity check]
2024-10-10 00:51:13,918 [INFO] ThirdPartyUpdaterWithRetryManager:70 - Updater plugin not ready yet. [1/15]
2024-10-10 00:51:13,923 [INFO] PluginManage:359 - Loaded plugin tools (category:base,tabindex:7)
2024-10-10 00:51:13,923 [INFO] PluginManage:310 - Check plugin tutovideos
2024-10-10 00:51:14,069 [INFO] PluginManage:359 - Loaded plugin tutovideos (category:base,tabindex:-1)
2024-10-10 00:51:14,069 [INFO] PluginManage:310 - Check plugin updater
2024-10-10 00:51:14,087 [INFO] PluginManage:359 - Loaded plugin updater (category:base,tabindex:12)
2024-10-10 00:51:14,088 [INFO] PluginManage:310 - Check plugin userauth
2024-10-10 00:51:14,092 [INFO] UserAuth:113 - Init User Auth plugin
2024-10-10 00:51:14,092 [INFO] PluginManage:359 - Loaded plugin userauth (category:base,tabindex:14)
2024-10-10 00:51:14,094 [INFO] PluginManage:283 - PluginManage : Loaded plugins [18]
2024-10-10 00:51:14,320 [INFO] PinOutPanel:1561 - setPackage(No Configuration,No Configuration)
2024-10-10 00:51:14,424 [INFO] CADModel:165 - CPN selected for project level
2024-10-10 00:51:14,424 [INFO] CADModel:114 - Register for checkConnection events
2024-10-10 00:51:14,444 [INFO] IPUIPlugin:80 - create IPUIPlugin
2024-10-10 00:51:14,445 [INFO] PluginManager:220 - loadIPPluginJar : add mdma
2024-10-10 00:51:14,460 [INFO] IPUIPlugin:80 - create IPUIPlugin
2024-10-10 00:51:14,460 [INFO] PluginManager:220 - loadIPPluginJar : add freertos
2024-10-10 00:51:14,470 [INFO] IPUIPlugin:80 - create IPUIPlugin
2024-10-10 00:51:14,470 [INFO] PluginManager:220 - loadIPPluginJar : add gic
2024-10-10 00:51:14,480 [INFO] IPUIPlugin:80 - create IPUIPlugin
2024-10-10 00:51:14,480 [INFO] PluginManager:220 - loadIPPluginJar : add adc
2024-10-10 00:51:14,490 [INFO] IPUIPlugin:80 - create IPUIPlugin
2024-10-10 00:51:14,490 [INFO] PluginManager:220 - loadIPPluginJar : add gtzc
2024-10-10 00:51:14,495 [INFO] IPUIPlugin:80 - create IPUIPlugin
2024-10-10 00:51:14,495 [INFO] PluginManager:220 - loadIPPluginJar : add quadspi
2024-10-10 00:51:14,499 [INFO] IPUIPlugin:80 - create IPUIPlugin
2024-10-10 00:51:14,499 [INFO] PluginManager:220 - loadIPPluginJar : add aes
2024-10-10 00:51:14,504 [INFO] IPUIPlugin:80 - create IPUIPlugin
2024-10-10 00:51:14,505 [INFO] PluginManager:220 - loadIPPluginJar : add pdm2pcm
2024-10-10 00:51:14,508 [INFO] IPUIPlugin:80 - create IPUIPlugin
2024-10-10 00:51:14,508 [INFO] PluginManager:220 - loadIPPluginJar : add hash
2024-10-10 00:51:14,513 [INFO] IPUIPlugin:80 - create IPUIPlugin
2024-10-10 00:51:14,513 [INFO] PluginManager:220 - loadIPPluginJar : add tim
2024-10-10 00:51:14,517 [INFO] IPUIPlugin:80 - create IPUIPlugin
2024-10-10 00:51:14,517 [INFO] PluginManager:220 - loadIPPluginJar : add tsc
2024-10-10 00:51:14,522 [INFO] IPUIPlugin:80 - create IPUIPlugin
2024-10-10 00:51:14,523 [INFO] PluginManager:220 - loadIPPluginJar : add extmemmanager
2024-10-10 00:51:14,528 [INFO] IPUIPlugin:80 - create IPUIPlugin
2024-10-10 00:51:14,528 [INFO] PluginManager:220 - loadIPPluginJar : add ts
2024-10-10 00:51:14,531 [INFO] IPUIPlugin:80 - create IPUIPlugin
2024-10-10 00:51:14,532 [INFO] PluginManager:220 - loadIPPluginJar : add radio
2024-10-10 00:51:14,537 [INFO] IPUIPlugin:80 - create IPUIPlugin
2024-10-10 00:51:14,537 [INFO] PluginManager:220 - loadIPPluginJar : add can
2024-10-10 00:51:14,540 [INFO] IPUIPlugin:80 - create IPUIPlugin
2024-10-10 00:51:14,540 [INFO] PluginManager:220 - loadIPPluginJar : add dma3
2024-10-10 00:51:14,546 [INFO] IPUIPlugin:80 - create IPUIPlugin
2024-10-10 00:51:14,546 [INFO] PluginManager:220 - loadIPPluginJar : add dfsdm
2024-10-10 00:51:14,552 [INFO] IPUIPlugin:80 - create IPUIPlugin
2024-10-10 00:51:14,552 [INFO] PluginManager:220 - loadIPPluginJar : add spi
2024-10-10 00:51:14,558 [INFO] IPUIPlugin:80 - create IPUIPlugin
2024-10-10 00:51:14,558 [INFO] PluginManager:220 - loadIPPluginJar : add gfxmmu
2024-10-10 00:51:14,562 [INFO] IPUIPlugin:80 - create IPUIPlugin
2024-10-10 00:51:14,562 [INFO] PluginManager:220 - loadIPPluginJar : add genericplugin
2024-10-10 00:51:14,566 [INFO] IPUIPlugin:80 - create IPUIPlugin
2024-10-10 00:51:14,567 [INFO] PluginManager:220 - loadIPPluginJar : add cryp
2024-10-10 00:51:14,575 [INFO] IPUIPlugin:80 - create IPUIPlugin
2024-10-10 00:51:14,575 [INFO] PluginManager:220 - loadIPPluginJar : add gpio
2024-10-10 00:51:14,585 [INFO] IPUIPlugin:80 - create IPUIPlugin
2024-10-10 00:51:14,585 [INFO] PluginManager:220 - loadIPPluginJar : add ddr_ctrl_phy
2024-10-10 00:51:14,590 [INFO] IPUIPlugin:80 - create IPUIPlugin
2024-10-10 00:51:14,590 [INFO] PluginManager:220 - loadIPPluginJar : add comp
2024-10-10 00:51:14,593 [INFO] IPUIPlugin:80 - create IPUIPlugin
2024-10-10 00:51:14,593 [INFO] PluginManager:220 - loadIPPluginJar : add tracer_emb
2024-10-10 00:51:14,597 [INFO] IPUIPlugin:80 - create IPUIPlugin
2024-10-10 00:51:14,597 [INFO] PluginManager:220 - loadIPPluginJar : add openamp
2024-10-10 00:51:14,604 [INFO] IPUIPlugin:80 - create IPUIPlugin
2024-10-10 00:51:14,605 [INFO] PluginManager:220 - loadIPPluginJar : add stm32_wpan
2024-10-10 00:51:14,613 [INFO] IPUIPlugin:80 - create IPUIPlugin
2024-10-10 00:51:14,615 [INFO] PluginManager:220 - loadIPPluginJar : add plateformsettings
2024-10-10 00:51:14,625 [INFO] IPUIPlugin:80 - create IPUIPlugin
2024-10-10 00:51:14,625 [INFO] PluginManager:220 - loadIPPluginJar : add ipddr
2024-10-10 00:51:14,631 [INFO] IPUIPlugin:80 - create IPUIPlugin
2024-10-10 00:51:14,631 [INFO] PluginManager:220 - loadIPPluginJar : add usart
2024-10-10 00:51:14,635 [INFO] IPUIPlugin:80 - create IPUIPlugin
2024-10-10 00:51:14,635 [INFO] PluginManager:220 - loadIPPluginJar : add ltdc
2024-10-10 00:51:14,641 [INFO] IPUIPlugin:80 - create IPUIPlugin
2024-10-10 00:51:14,641 [INFO] PluginManager:220 - loadIPPluginJar : add nvic
2024-10-10 00:51:14,646 [INFO] IPUIPlugin:80 - create IPUIPlugin
2024-10-10 00:51:14,646 [INFO] PluginManager:220 - loadIPPluginJar : add fatfs
2024-10-10 00:51:14,655 [INFO] IPUIPlugin:80 - create IPUIPlugin
2024-10-10 00:51:14,655 [INFO] PluginManager:220 - loadIPPluginJar : add linkedlist
2024-10-10 00:51:14,669 [INFO] IPUIPlugin:80 - create IPUIPlugin
2024-10-10 00:51:14,669 [INFO] PluginManager:220 - loadIPPluginJar : add dma
2024-10-10 00:51:14,678 [INFO] IPUIPlugin:80 - create IPUIPlugin
2024-10-10 00:51:14,679 [INFO] PluginManager:220 - loadIPPluginJar : add fmc
2024-10-10 00:51:14,687 [INFO] IPUIPlugin:80 - create IPUIPlugin
2024-10-10 00:51:14,687 [INFO] PluginManager:220 - loadIPPluginJar : add i2s
2024-10-10 00:51:14,693 [INFO] IPUIPlugin:80 - create IPUIPlugin
2024-10-10 00:51:14,693 [INFO] PluginManager:220 - loadIPPluginJar : add ucpd
2024-10-10 00:51:14,698 [INFO] IPUIPlugin:80 - create IPUIPlugin
2024-10-10 00:51:14,699 [INFO] PluginManager:220 - loadIPPluginJar : add lorawan
2024-10-10 00:51:14,703 [INFO] IPUIPlugin:80 - create IPUIPlugin
2024-10-10 00:51:14,703 [INFO] PluginManager:220 - loadIPPluginJar : add opamp
2024-10-10 00:51:14,707 [INFO] IPUIPlugin:80 - create IPUIPlugin
2024-10-10 00:51:14,707 [INFO] PluginManager:220 - loadIPPluginJar : add i3c
2024-10-10 00:51:14,712 [INFO] IPUIPlugin:80 - create IPUIPlugin
2024-10-10 00:51:14,712 [INFO] PluginManager:220 - loadIPPluginJar : add touchsensing
2024-10-10 00:51:14,716 [INFO] IPUIPlugin:80 - create IPUIPlugin
2024-10-10 00:51:14,716 [INFO] PluginManager:220 - loadIPPluginJar : add i2c
2024-10-10 00:51:14,725 [INFO] IPUIPlugin:80 - create IPUIPlugin
2024-10-10 00:51:14,725 [INFO] PluginManager:220 - loadIPPluginJar : add resmgrutility
2024-10-10 00:51:14,730 [INFO] IPUIPlugin:80 - create IPUIPlugin
2024-10-10 00:51:14,730 [INFO] PluginManager:220 - loadIPPluginJar : add sai
2024-10-10 00:51:14,735 [INFO] IPUIPlugin:80 - create IPUIPlugin
2024-10-10 00:51:14,735 [INFO] PluginManager:220 - loadIPPluginJar : add usbx
2024-10-10 00:51:14,889 [INFO] CADModel:165 - CPN selected for project level
2024-10-10 00:51:14,891 [INFO] CADModel:114 - Register for checkConnection events
2024-10-10 00:51:14,892 [FATAL] Updater:334 - Updater called before beeing initialized
2024-10-10 00:51:14,892 [ERROR] CADModel:125 - Updater not yet initialized, retry later 
2024-10-10 00:51:15,162 [INFO] CADModel:165 - CPN selected for project level
2024-10-10 00:51:15,163 [INFO] CADModel:114 - Register for checkConnection events
2024-10-10 00:51:15,163 [FATAL] Updater:334 - Updater called before beeing initialized
2024-10-10 00:51:15,163 [ERROR] CADModel:125 - Updater not yet initialized, retry later 
2024-10-10 00:51:15,165 [FATAL] Updater:334 - Updater called before beeing initialized
2024-10-10 00:51:15,323 [FATAL] Updater:334 - Updater called before beeing initialized
2024-10-10 00:51:15,335 [INFO] DbMcusAds:53 - JSON generation date=Fri Sep 20 21:04:23 CST 2024 (1726837463113)
2024-10-10 00:51:15,335 [FATAL] Updater:334 - Updater called before beeing initialized
2024-10-10 00:51:15,401 [WARN] DetailPanel:346 - Failed to get advertising image, set to default
2024-10-10 00:51:15,467 [FATAL] Updater:334 - Updater called before beeing initialized
2024-10-10 00:51:15,469 [FATAL] Updater:334 - Updater called before beeing initialized
2024-10-10 00:51:15,469 [FATAL] Updater:334 - Updater called before beeing initialized
2024-10-10 00:51:15,469 [WARN] DetailPanel:346 - Failed to get advertising image, set to default
2024-10-10 00:51:15,470 [FATAL] Updater:334 - Updater called before beeing initialized
2024-10-10 00:51:15,545 [ERROR] Updater:1164 - MainUpdater not yet initialized. External WinMGr cannot be set.
2024-10-10 00:51:15,557 [INFO] Updater:1100 - Updater Version found : 6.12.0
2024-10-10 00:51:15,575 [INFO] ApplicationProperties:184 - Using Application install path: /Applications/STM32CubeIDE.app/Contents/Eclipse/plugins/com.st.stm32cube.common.mx_6.12.0.202406281431
2024-10-10 00:51:16,292 [INFO] MainUpdater:2873 - connection check result : 10
2024-10-10 00:51:16,294 [INFO] MainUpdater:290 - Updater Check For Update Now.
2024-10-10 00:51:16,294 [INFO] MicroXplorer:498 - Change Database Version : DB.6.0.120
2024-10-10 00:51:16,313 [INFO] McuFinderGlobals:63 - Set McuFinder mode to 2 (CubeIDE integrated)
2024-10-10 00:51:16,319 [INFO] UserAuth:417 - Internet connection configuration mode: 1
2024-10-10 00:51:16,341 [INFO] JxBrowserEngine:152 - Initiate JxBrowser Engine with user profile folder
2024-10-10 00:51:16,601 [INFO] CheckServerUpdateThread:120 - End of CheckServer Thread
2024-10-10 00:51:17,103 [WARN] PackLoader:240 - Cannot read IP mode file for STMicroelectronics.FP-SNS-MOTENVWB1.1.4.0
2024-10-10 00:51:17,142 [WARN] PackLoader:240 - Cannot read IP mode file for STMicroelectronics.X-CUBE-SMBUS.2.1.0
2024-10-10 00:51:17,177 [WARN] PackLoader:240 - Cannot read IP mode file for STMicroelectronics.X-CUBE-WB05N.1.1.0
2024-10-10 00:51:17,236 [WARN] PackLoader:240 - Cannot read IP mode file for STMicroelectronics.X-CUBE-AZRTOS-F7.1.1.0
2024-10-10 00:51:17,526 [WARN] PackLoader:240 - Cannot read IP mode file for STMicroelectronics.X-CUBE-MEMS1.11.0.0
2024-10-10 00:51:17,765 [WARN] PackLoader:240 - Cannot read IP mode file for STMicroelectronics.FP-SNS-FLIGHT1.5.0.2
2024-10-10 00:51:17,796 [WARN] PackLoader:240 - Cannot read IP mode file for STMicroelectronics.X-CUBE-DISPLAY.3.0.0
2024-10-10 00:51:17,835 [WARN] PackLoader:240 - Cannot read IP mode file for STMicroelectronics.X-CUBE-BLE1.7.0.0
2024-10-10 00:51:17,865 [WARN] PackLoader:240 - Cannot read IP mode file for STMicroelectronics.X-CUBE-NFC10.1.0.0
2024-10-10 00:51:17,900 [WARN] PackLoader:240 - Cannot read IP mode file for emotas.I-CUBE-CANOPEN.1.3.0
2024-10-10 00:51:17,936 [WARN] PackLoader:240 - Cannot read IP mode file for STMicroelectronics.X-CUBE-BLEMGR.3.1.0
2024-10-10 00:51:17,960 [WARN] PackLoader:240 - Cannot read IP mode file for STMicroelectronics.FP-SNS-SMARTAG2.1.2.0
2024-10-10 00:51:17,990 [INFO] LogOutputStream:77 - [STDOUT_REDIRECT] 1 : Invalid condition id : UX_CORESTACK_Condition cause : null
2024-10-10 00:51:17,991 [INFO] LogOutputStream:77 - [STDOUT_REDIRECT] 1 : Invalid condition id : UX_CORESTACK_Condition cause : null
2024-10-10 00:51:17,991 [INFO] LogOutputStream:77 - [STDOUT_REDIRECT] 1 : Invalid condition id : UX_CORESTACK_Condition cause : null
2024-10-10 00:51:17,991 [INFO] LogOutputStream:77 - [STDOUT_REDIRECT] 1 : Invalid condition id : UX_CORESTACK_Condition cause : null
2024-10-10 00:51:17,992 [INFO] LogOutputStream:77 - [STDOUT_REDIRECT] 1 : Invalid condition id : UX_CORESTACK_Condition cause : null
2024-10-10 00:51:18,008 [WARN] PackLoader:240 - Cannot read IP mode file for STMicroelectronics.X-CUBE-AZRTOS-WL.2.0.0
2024-10-10 00:51:18,031 [WARN] PackLoader:240 - Cannot read IP mode file for STMicroelectronics.FP-SNS-MOTENV1.5.0.0
2024-10-10 00:51:18,046 [WARN] PackLoader:240 - Cannot read IP mode file for wolfSSL.I-CUBE-wolfMQTT.1.19.0
2024-10-10 00:51:18,063 [WARN] PackLoader:240 - Cannot read IP mode file for WES.I-CUBE-Cesium.1.3.0
2024-10-10 00:51:18,081 [WARN] PackLoader:240 - Cannot read IP mode file for STMicroelectronics.X-CUBE-BLE2.3.3.0
2024-10-10 00:51:18,098 [WARN] PackLoader:240 - Cannot read IP mode file for STMicroelectronics.X-CUBE-NFC9.1.0.0
2024-10-10 00:51:18,117 [WARN] PackLoader:240 - Cannot read IP mode file for STMicroelectronics.X-CUBE-TCPP.4.1.0
2024-10-10 00:51:18,153 [WARN] PackLoader:240 - Cannot read IP mode file for STMicroelectronics.X-CUBE-AZRTOS-G0.1.1.0
2024-10-10 00:51:18,181 [WARN] PackLoader:240 - Cannot read IP mode file for STMicroelectronics.X-CUBE-SAFEA1.1.2.2
2024-10-10 00:51:18,200 [WARN] PackLoader:240 - Cannot read IP mode file for STMicroelectronics.X-CUBE-NFC4.3.0.0
2024-10-10 00:51:18,228 [WARN] PackLoader:240 - Cannot read IP mode file for EmbeddedOffice.I-CUBE-FS-RTOS.1.0.1
2024-10-10 00:51:18,230 [ERROR] ConditionMgr:805 - Attr not supported : Dmpu
2024-10-10 00:51:18,232 [ERROR] ConditionMgr:805 - Attr not supported : Dmpu
2024-10-10 00:51:18,232 [ERROR] ConditionMgr:805 - Attr not supported : Dmpu
2024-10-10 00:51:18,232 [ERROR] ConditionMgr:805 - Attr not supported : Dmpu
2024-10-10 00:51:18,232 [ERROR] ConditionMgr:805 - Attr not supported : Dmpu
2024-10-10 00:51:18,232 [ERROR] ConditionMgr:805 - Attr not supported : Dmpu
2024-10-10 00:51:18,232 [ERROR] ConditionMgr:805 - Attr not supported : Dmpu
2024-10-10 00:51:18,232 [ERROR] ConditionMgr:805 - Attr not supported : Dmpu
2024-10-10 00:51:18,232 [ERROR] ConditionMgr:805 - Attr not supported : Dmpu
2024-10-10 00:51:18,232 [ERROR] ConditionMgr:805 - Attr not supported : Dmpu
2024-10-10 00:51:18,232 [ERROR] ConditionMgr:805 - Attr not supported : Dmpu
2024-10-10 00:51:18,232 [ERROR] ConditionMgr:805 - Attr not supported : Dmpu
2024-10-10 00:51:18,232 [ERROR] ConditionMgr:805 - Attr not supported : Dmpu
2024-10-10 00:51:18,233 [ERROR] ConditionMgr:805 - Attr not supported : Dmpu
2024-10-10 00:51:18,233 [ERROR] ConditionMgr:805 - Attr not supported : Dmpu
2024-10-10 00:51:18,234 [ERROR] ConditionMgr:805 - Attr not supported : Dmpu
2024-10-10 00:51:18,234 [ERROR] ConditionMgr:805 - Attr not supported : Dmpu
2024-10-10 00:51:18,234 [ERROR] ConditionMgr:805 - Attr not supported : Dmpu
2024-10-10 00:51:18,234 [ERROR] ConditionMgr:805 - Attr not supported : Dmpu
2024-10-10 00:51:18,234 [ERROR] ConditionMgr:805 - Attr not supported : Dmpu
2024-10-10 00:51:18,234 [ERROR] ConditionMgr:805 - Attr not supported : Dmpu
2024-10-10 00:51:18,234 [ERROR] ConditionMgr:805 - Attr not supported : Dmpu
2024-10-10 00:51:18,234 [ERROR] ConditionMgr:805 - Attr not supported : Dmpu
2024-10-10 00:51:18,234 [ERROR] ConditionMgr:805 - Attr not supported : Dmpu
2024-10-10 00:51:18,234 [ERROR] ConditionMgr:805 - Attr not supported : Dmpu
2024-10-10 00:51:18,234 [ERROR] ConditionMgr:805 - Attr not supported : Dmpu
2024-10-10 00:51:18,234 [ERROR] ConditionMgr:805 - Attr not supported : Dmpu
2024-10-10 00:51:18,234 [ERROR] ConditionMgr:805 - Attr not supported : Dmpu
2024-10-10 00:51:18,234 [ERROR] ConditionMgr:805 - Attr not supported : Dmpu
2024-10-10 00:51:18,234 [ERROR] ConditionMgr:805 - Attr not supported : Dmpu
2024-10-10 00:51:18,234 [ERROR] ConditionMgr:805 - Attr not supported : Dmpu
2024-10-10 00:51:18,235 [ERROR] ConditionMgr:805 - Attr not supported : Dmpu
2024-10-10 00:51:18,235 [ERROR] ConditionMgr:805 - Attr not supported : Dmpu
2024-10-10 00:51:18,235 [ERROR] ConditionMgr:805 - Attr not supported : Dmpu
2024-10-10 00:51:18,235 [ERROR] ConditionMgr:805 - Attr not supported : Dmpu
2024-10-10 00:51:18,235 [ERROR] ConditionMgr:805 - Attr not supported : Dmpu
2024-10-10 00:51:18,236 [ERROR] ConditionMgr:805 - Attr not supported : Dmpu
2024-10-10 00:51:18,236 [ERROR] ConditionMgr:805 - Attr not supported : Dmpu
2024-10-10 00:51:18,236 [ERROR] ConditionMgr:805 - Attr not supported : Dmpu
2024-10-10 00:51:18,236 [ERROR] ConditionMgr:805 - Attr not supported : Dmpu
2024-10-10 00:51:18,236 [ERROR] ConditionMgr:805 - Attr not supported : Dmpu
2024-10-10 00:51:18,236 [ERROR] ConditionMgr:805 - Attr not supported : Dmpu
2024-10-10 00:51:18,236 [ERROR] ConditionMgr:805 - Attr not supported : Dmpu
2024-10-10 00:51:18,236 [ERROR] ConditionMgr:805 - Attr not supported : Dmpu
2024-10-10 00:51:18,237 [ERROR] ConditionMgr:805 - Attr not supported : Dmpu
2024-10-10 00:51:18,237 [ERROR] ConditionMgr:805 - Attr not supported : Dmpu
2024-10-10 00:51:18,237 [ERROR] ConditionMgr:805 - Attr not supported : Dmpu
2024-10-10 00:51:18,237 [ERROR] ConditionMgr:805 - Attr not supported : Dmpu
2024-10-10 00:51:18,237 [ERROR] ConditionMgr:805 - Attr not supported : Dmpu
2024-10-10 00:51:18,237 [ERROR] ConditionMgr:805 - Attr not supported : Dmpu
2024-10-10 00:51:18,237 [ERROR] ConditionMgr:805 - Attr not supported : Dmpu
2024-10-10 00:51:18,237 [ERROR] ConditionMgr:805 - Attr not supported : Dmpu
2024-10-10 00:51:18,237 [ERROR] ConditionMgr:805 - Attr not supported : Dmpu
2024-10-10 00:51:18,237 [ERROR] ConditionMgr:805 - Attr not supported : Dmpu
2024-10-10 00:51:18,237 [ERROR] ConditionMgr:805 - Attr not supported : Dmpu
2024-10-10 00:51:18,237 [ERROR] ConditionMgr:805 - Attr not supported : Dmpu
2024-10-10 00:51:18,237 [ERROR] ConditionMgr:805 - Attr not supported : Dmpu
2024-10-10 00:51:18,237 [ERROR] ConditionMgr:805 - Attr not supported : Dmpu
2024-10-10 00:51:18,237 [ERROR] ConditionMgr:805 - Attr not supported : Dmpu
2024-10-10 00:51:18,237 [ERROR] ConditionMgr:805 - Attr not supported : Dmpu
2024-10-10 00:51:18,237 [ERROR] ConditionMgr:805 - Attr not supported : Dmpu
2024-10-10 00:51:18,237 [ERROR] ConditionMgr:805 - Attr not supported : Dmpu
2024-10-10 00:51:18,237 [ERROR] ConditionMgr:805 - Attr not supported : Dmpu
2024-10-10 00:51:18,237 [ERROR] ConditionMgr:805 - Attr not supported : Dmpu
2024-10-10 00:51:18,252 [WARN] PackLoader:240 - Cannot read IP mode file for RealThread.X-CUBE-RT-Thread_Nano.4.1.1
2024-10-10 00:51:18,272 [WARN] PackLoader:240 - Cannot read IP mode file for STMicroelectronics.FP-ATR-SIGFOX1.3.2.0
2024-10-10 00:51:18,303 [WARN] PackLoader:240 - Cannot read IP mode file for wolfSSL.I-CUBE-wolfSSL.5.7.2
2024-10-10 00:51:18,320 [WARN] PackLoader:240 - Cannot read IP mode file for STMicroelectronics.X-CUBE-EEPRMA1.5.1.0
2024-10-10 00:51:18,337 [WARN] PackLoader:240 - Cannot read IP mode file for ITTIA_DB.I-CUBE-ITTIADB.8.9.0
2024-10-10 00:51:18,401 [WARN] PackLoader:240 - Cannot read IP mode file for SEGGER.I-CUBE-embOS.1.3.1
2024-10-10 00:51:18,514 [WARN] PackLoader:240 - Cannot read IP mode file for STMicroelectronics.X-CUBE-ALGOBUILD.1.4.0
2024-10-10 00:51:18,539 [WARN] PackLoader:240 - Cannot read IP mode file for STMicroelectronics.X-CUBE-AI.9.1.0
2024-10-10 00:51:18,606 [WARN] PackLoader:240 - Cannot read IP mode file for STMicroelectronics.X-CUBE-AZRTOS-F4.1.1.0
2024-10-10 00:51:18,660 [WARN] PackLoader:240 - Cannot read IP mode file for STMicroelectronics.X-CUBE-ISPU.2.1.0
2024-10-10 00:51:18,716 [WARN] PackLoader:240 - Cannot read IP mode file for STMicroelectronics.X-CUBE-FREERTOS.1.2.0
2024-10-10 00:51:18,770 [WARN] PackLoader:240 - Cannot read IP mode file for STMicroelectronics.X-CUBE-AZRTOS-L5.2.0.0
2024-10-10 00:51:18,842 [WARN] PackLoader:240 - Cannot read IP mode file for STMicroelectronics.X-CUBE-NFC6.3.1.0
2024-10-10 00:51:18,888 [WARN] PackLoader:240 - Cannot read IP mode file for STMicroelectronics.X-CUBE-DPower.1.2.0
2024-10-10 00:51:18,903 [WARN] PackLoader:240 - Cannot read IP mode file for STMicroelectronics.X-CUBE-AI.9.0.0
2024-10-10 00:51:18,916 [WARN] PackLoader:240 - Cannot read IP mode file for STMicroelectronics.X-CUBE-NFC7.1.0.1
2024-10-10 00:51:18,965 [WARN] ConditionMgr:438 - getConditionDescription Invalid condition id : LAN8742 Phy interface Condition cause : null
2024-10-10 00:51:18,966 [WARN] PackLoader:240 - Cannot read IP mode file for STMicroelectronics.X-CUBE-AZRTOS-L4.2.0.0
2024-10-10 00:51:18,969 [WARN] ConditionMgr:1039 - genDependencies : Invalid condition id : LAN8742 Phy interface Condition cause : null
2024-10-10 00:51:18,969 [WARN] ConditionMgr:1039 - genDependencies : Invalid condition id : LAN8742 Phy interface Condition cause : null
2024-10-10 00:51:18,970 [WARN] ConditionMgr:1039 - genDependencies : Invalid condition id : LAN8742 Phy interface Condition cause : null
2024-10-10 00:51:18,991 [WARN] PackLoader:240 - Cannot read IP mode file for STMicroelectronics.X-CUBE-SFXS2LP1.4.0.0
2024-10-10 00:51:19,050 [WARN] PackLoader:240 - Cannot read IP mode file for STMicroelectronics.X-CUBE-AZRTOS-H7.3.3.0
2024-10-10 00:51:19,111 [WARN] PackLoader:240 - Cannot read IP mode file for STMicroelectronics.X-CUBE-IPS.3.0.0
2024-10-10 00:51:19,144 [WARN] ConditionMgr:438 - getConditionDescription Invalid condition id : UX DEVICE CLASS RTOS Condition cause : null
2024-10-10 00:51:19,144 [WARN] ConditionMgr:438 - getConditionDescription Invalid condition id : UX DEVICE CLASS RTOS Condition cause : null
2024-10-10 00:51:19,148 [WARN] PackLoader:240 - Cannot read IP mode file for STMicroelectronics.X-CUBE-AZRTOS-WB.2.0.0
2024-10-10 00:51:19,148 [WARN] ConditionMgr:1039 - genDependencies : Invalid condition id : UX DEVICE CLASS RTOS Condition cause : null
2024-10-10 00:51:19,149 [WARN] ConditionMgr:1039 - genDependencies : Invalid condition id : UX DEVICE CLASS RTOS Condition cause : null
2024-10-10 00:51:19,149 [WARN] ConditionMgr:1039 - genDependencies : Invalid condition id : UX DEVICE CLASS RTOS Condition cause : null
2024-10-10 00:51:19,150 [WARN] ConditionMgr:1039 - genDependencies : Invalid condition id : UX DEVICE CLASS RTOS Condition cause : null
2024-10-10 00:51:19,150 [WARN] ConditionMgr:1039 - genDependencies : Invalid condition id : UX DEVICE CLASS RTOS Condition cause : null
2024-10-10 00:51:19,177 [WARN] PackLoader:240 - Cannot read IP mode file for STMicroelectronics.X-CUBE-GNSS1.7.0.0
2024-10-10 00:51:19,201 [WARN] PackLoader:240 - Cannot read IP mode file for STMicroelectronics.FP-SNS-STBOX1.2.0.0
2024-10-10 00:51:19,235 [WARN] PackLoader:240 - Cannot read IP mode file for STMicroelectronics.X-CUBE-SUBG2.5.0.0
2024-10-10 00:51:19,254 [WARN] PackLoader:240 - Cannot read IP mode file for Cesanta.I-CUBE-Mongoose.7.13.0
2024-10-10 00:51:19,294 [WARN] PackLoader:240 - Cannot read IP mode file for STMicroelectronics.X-CUBE-AZRTOS-G4.2.0.0
2024-10-10 00:51:19,319 [WARN] PackLoader:240 - Cannot read IP mode file for STMicroelectronics.X-CUBE-ISPU.2.0.0
2024-10-10 00:51:19,335 [WARN] PackLoader:240 - Cannot read IP mode file for STMicroelectronics.X-CUBE-ALS.1.0.2
2024-10-10 00:51:19,358 [WARN] PackLoader:240 - Cannot read IP mode file for STMicroelectronics.X-CUBE-TOUCHGFX.4.24.0
2024-10-10 00:51:19,373 [WARN] PackLoader:240 - Cannot read IP mode file for STMicroelectronics.X-CUBE-TOUCHGFX.4.24.1
2024-10-10 00:51:19,383 [WARN] PackLoader:240 - Cannot read IP mode file for wolfSSL.I-CUBE-wolfTPM.3.4.0
2024-10-10 00:51:19,394 [WARN] PackLoader:240 - Cannot read IP mode file for portGmbH.I-Cube-SoM-uGOAL.1.1.0
2024-10-10 00:51:19,428 [WARN] PackLoader:240 - Cannot read IP mode file for STMicroelectronics.X-CUBE-AZRTOS-H7RS.1.0.0
2024-10-10 00:51:19,442 [WARN] PackLoader:240 - Cannot read IP mode file for STMicroelectronics.FP-ATR-ASTRA1.2.0.0
2024-10-10 00:51:19,470 [WARN] PackLoader:240 - Cannot read IP mode file for STMicroelectronics.X-CUBE-TOF1.3.4.2
2024-10-10 00:51:19,541 [WARN] PackLoader:240 - Cannot read IP mode file for Infineon.AIROC-Wi-Fi-Bluetooth-STM32.1.6.1
2024-10-10 00:51:19,566 [WARN] PackLoader:240 - Cannot read IP mode file for wolfSSL.I-CUBE-wolfSSH.1.4.17
2024-10-10 00:51:19,572 [INFO] ThirdParty:978 - Integrity check success = true
2024-10-10 00:51:19,572 [INFO] IntegrityCheckThread:100 - exiting critical section [integrity check]
2024-10-10 00:51:19,572 [INFO] IntegrityCheckThread:103 - End integrity checks thread
2024-10-10 00:51:21,434 [INFO] WebApp:167 - Instantiating new browser for Auth
2024-10-10 00:51:23,303 [INFO] WebApp:448 - Apply proxy settings
2024-10-10 00:51:23,316 [INFO] WebApp:493 - Chromium authenticates against Manually configured proxy
2024-10-10 00:51:23,331 [INFO] WebApp:501 - Username used for proxy authentication: 
2024-10-10 00:51:23,396 [INFO] WebApp:869 - Register for checkConnection events
2024-10-10 00:51:23,396 [INFO] WebApp:448 - Apply proxy settings
2024-10-10 00:51:23,399 [INFO] WebApp:493 - Chromium authenticates against Manually configured proxy
2024-10-10 00:51:23,399 [INFO] WebApp:501 - Username used for proxy authentication: 
2024-10-10 00:51:23,538 [INFO] WebApp:220 - Starting web application
2024-10-10 00:51:23,539 [INFO] WebApp:578 - Web application path used /Applications/STM32CubeIDE.app/Contents/Eclipse/plugins/com.st.stm32cube.common.mx_6.12.0.202406281431/db/plugins/mcufinder/reactClient1/index.html
2024-10-10 00:51:24,076 [INFO] UserAuth:417 - Internet connection configuration mode: 1
2024-10-10 00:51:24,284 [INFO] WebApp:186 - Connection restablished
2024-10-10 00:53:45,849 [INFO] McuFinderGlobals:63 - Set McuFinder mode to 2 (CubeIDE integrated)
2024-10-10 00:53:45,871 [INFO] MainUpdater:2873 - connection check result : 10
2024-10-10 00:53:45,894 [INFO] McuFinderGlobals:76 - Set McuFinderConnectedMode to true
2024-10-10 00:53:46,630 [INFO] ServerAccessManage:473 - Download File mcusAds.json._tmp_
2024-10-10 00:53:46,758 [INFO] LoadUrlFilesThread:156 - End of LoadUrlFiles Thread
2024-10-10 00:53:49,081 [INFO] ServerAccessManage:473 - Download File cube-finder-db.zip
2024-10-10 00:53:49,091 [ERROR] ServerAccessManage:651 - User Cancel Download : cube-finder-db.zip.
2024-10-10 00:53:49,153 [INFO] DbMcusAds:53 - JSON generation date=Fri Sep 20 21:04:23 CST 2024 (1726837463113)
2024-10-10 00:53:49,191 [ERROR] TargetSelectorAdapter:267 - Unable to refresh data
2024-10-10 00:53:49,196 [INFO] LoadUrlFilesThread:156 - End of LoadUrlFiles Thread
2024-10-10 00:53:51,334 [INFO] ApiDb:581 - Connected to CubeFinder SQLite database (/Users/walkerhsu/.stmcufinder/plugins/mcufinder/mcu/cube-finder-db.db)
2024-10-10 00:53:51,382 [INFO] ApiDb:668 - CubeFinder database Data Model version=2.1
2024-10-10 00:53:51,382 [INFO] ApiDb:669 - CubeFinder database Configuration version=3.0.39
2024-10-10 00:53:51,382 [INFO] ApiDb:670 - CubeFinder database generation date=2024-09-16 (1726485674)
2024-10-10 00:53:51,382 [INFO] ApiDb:671 - CubeFinder database FW Pack versions=[FP-ATR-ASTRA1_V2.0.0, FP-SNS-FLIGHT1_V5.0.2, FP-SNS-MOTENV1_V5.0.0, FP-SNS-MOTENVWB1_V1.4.0, FP-SNS-SMARTAG2_V1.2.0, FP-SNS-STBOX1_V2.0.0, STM32Cube_FW_C0_V1.2.0, STM32Cube_FW_F4_V1.28.1, STM32Cube_FW_F7_V1.17.2, STM32Cube_FW_G0_V1.6.2, STM32Cube_FW_G4_V1.6.0, STM32Cube_FW_H5_V1.3.0, STM32Cube_FW_H7RS_V1.1.0, STM32Cube_FW_H7_V1.11.2, STM32Cube_FW_L0_V1.12.2, STM32Cube_FW_L5_V1.5.1, STM32Cube_FW_U0_V1.1.0, STM32Cube_FW_U5_V1.6.0, STM32Cube_FW_WB0_V1.0.0, STM32Cube_FW_WBA_V1.4.1, STM32Cube_FW_WB_V1.20.0, STM32Cube_FW_WL_V1.3.0, X-CUBE-ALGOBUILD_V1.4.0, X-CUBE-ALS_V1.0.2, X-CUBE-AZRTOS-F4_V1.1.0, X-CUBE-AZRTOS-F7_V1.1.0, X-CUBE-AZRTOS-G0_V1.1.0, X-CUBE-AZRTOS-G4_V2.0.0, X-CUBE-AZRTOS-H7RS_V1.0.0, X-CUBE-AZRTOS-H7_V3.2.0, X-CUBE-AZRTOS-L4_V2.0.0, X-CUBE-AZRTOS-L5_V2.0.0, X-CUBE-AZRTOS-WB_V2.0.0, X-CUBE-AZRTOS-WL_V2.0.0, X-CUBE-BLE1_V7.0.0, X-CUBE-BLE2_V3.3.0, X-CUBE-BLEMGR_V3.1.0, X-CUBE-EEPRMA1_V5.1.0, X-CUBE-FREERTOS_V1.2.0, X-CUBE-GNSS1_V6.0.0, X-CUBE-MEMS1_V11.0.0, X-CUBE-NFC4_V3.0.0, X-CUBE-NFC7_V1.0.1, X-CUBE-SFXS2LP1_V4.0.0, X-CUBE-SUBG2_V5.0.0, X-CUBE-TOF1_V3.4.2]
2024-10-10 00:53:51,481 [INFO] DbBoardsSqlite:226 - include board P-NUCLEO-WB55-NUCLEO as a kit item of type 'Nucleo-64'
2024-10-10 00:53:51,482 [INFO] DbBoardsSqlite:226 - include board P-NUCLEO-WB55-USBDONGLE as a kit item of type 'Nucleo USB Dongle'
2024-10-10 00:53:51,484 [INFO] DbBoardsSqlite:226 - include board STEVAL-IDP005V1 as a kit item of type 'Evaluation Board'
2024-10-10 00:53:51,484 [INFO] DbBoardsSqlite:226 - include board STEVAL-IDP005V2 as a kit item of type 'Evaluation Board'
2024-10-10 00:53:51,596 [INFO] ApiDb:240 - Found 646 in-development CPN: [B-G473E-ZEST1S, B-WB1M-WPAN1, B-WL5M-SUBG1, NUCLEO-C031C6, NUCLEO-C071RB, NUCLEO-H503RB, NUCLEO-H533RE, NUCLEO-H563ZI, NUCLEO-H7S3L8, NUCLEO-U031R8, NUCLEO-U083RC, NUCLEO-U545RE-Q, NUCLEO-U5A5ZJ-Q, NUCLEO-WB05KZ, NUCLEO-WB07CC, NUCLEO-WB09KE, NUCLEO-WBA52CG, NUCLEO-WBA55CG, STEVAL-PROTEUS1, STEVAL-SMARTAG2, STEVAL-STWINBX1, STM320518-EVAL, STM32C0116-DK, STM32C011D6Y3TR, STM32C011D6Y6TR, STM32C011F4P3, STM32C011F4P6, STM32C011F4U3, STM32C011F4U6TR, STM32C011F6P3, STM32C011F6P6, STM32C011F6U3, STM32C011F6U6TR, STM32C011J4M3, STM32C011J4M6, STM32C011J6M3, STM32C011J6M6, STM32C0316-DK, STM32C031C4T3, STM32C031C4T6, STM32C031C4U3, STM32C031C4U6, STM32C031C6T3, STM32C031C6T6, STM32C031C6U3, STM32C031C6U6, STM32C031F4P3, STM32C031F4P6, STM32C031F6P3, STM32C031F6P6, STM32C031G4U3, STM32C031G4U6, STM32C031G6U3, STM32C031G6U6, STM32C031K4T3, STM32C031K4T6, STM32C031K4U3, STM32C031K4U6, STM32C031K6T3, STM32C031K6T6, STM32C031K6U3, STM32C031K6U6, STM32C071C8T6, STM32C071C8T6N, STM32C071C8U6, STM32C071C8U6N, STM32C071CBT6, STM32C071CBT6N, STM32C071CBU6, STM32C071CBU6N, STM32C071F8P6, STM32C071F8P6N, STM32C071FBP6, STM32C071FBP6N, STM32C071FBY6TR, STM32C071G8U6, STM32C071G8U6N, STM32C071GBU6, STM32C071GBU6N, STM32C071K8T6, STM32C071K8T6N, STM32C071K8U6, STM32C071K8U6N, STM32C071KBT6, STM32C071KBT6N, STM32C071KBU6, STM32C071KBU6N, STM32C071R8T6, STM32C071R8T6N, STM32C071RBI6N, STM32C071RBT6, STM32C071RBT6N, STM32G071K8TXN, STM32G071K8UXN, STM32G081GBU6N, STM32G081KBT6N, STM32G081KBUXN, STM32G0B1CCT6N, STM32G0B1KCT6, STM32G0B1NEY6TR, STM32G0B1RCT6N, STM32G0C1CCT6, STM32G0C1CCT6N, STM32G0C1CCU6N, STM32G0C1CET6N, STM32G0C1CEU6N, STM32G0C1KCT6, STM32G0C1NEY6TR, STM32G0C1RCI6N, STM32G0C1RCT6N, STM32G0C1REI6N, STM32G0C1RET6N, STM32G0C1VCI6, STM32G0C1VEI6, STM32G411C6T3, STM32G411C6T6, STM32G411C6U3, STM32G411C6U6, STM32G411C8T3, STM32G411C8T6, STM32G411C8U3, STM32G411C8U6, STM32G411CBT3, STM32G411CBT6, STM32G411CBU3, STM32G411CBU6, STM32G411K6T3, STM32G411K6T6, STM32G411K6U3, STM32G411K6U6, STM32G411K8T3, STM32G411K8T6, STM32G411K8U3, STM32G411K8U6, STM32G411KBT3, STM32G411KBT6, STM32G411KBU3, STM32G411KBU6, STM32G411M6T3, STM32G411M6T6, STM32G411M8T3, STM32G411M8T6, STM32G411MBT3, STM32G411MBT6, STM32G411R6T3, STM32G411R6T6, STM32G411R8T3, STM32G411R8T6, STM32G411RBT3, STM32G411RBT6, STM32G414CBT3, STM32G414CBT6, STM32G414CBU3, STM32G414CBU6, STM32G414CCT3, STM32G414CCT6, STM32G414CCU3, STM32G414CCU6, STM32G414MBT3, STM32G414MBT6, STM32G414MCT3, STM32G414MCT6, STM32G414RBT3, STM32G414RBT6, STM32G414RCT3, STM32G414RCT6, STM32G414VBT3, STM32G414VBT6, STM32G414VCT3, STM32G414VCT6, STM32G431CBT3Z, STM32G431RBT3Z, STM32G471CCT6, STM32G471CCU6, STM32G471CET3, STM32G471CET6, STM32G471CEU3, STM32G471CEU6, STM32G471MCT6, STM32G471MET3, STM32G471MET6, STM32G471MEY6TR, STM32G471QCT6, STM32G471QET3, STM32G471RCT6, STM32G471RET3, STM32G471RET6, STM32G471VCH6, STM32G471VCI6, STM32G471VCT6, STM32G471VEH3, STM32G471VEH6, STM32G471VEI3, STM32G471VEI6, STM32G471VET3, STM32G471VET6, STM32G473QET3Z, STM32G473RET3Z, STM32G474CCT6, STM32G491RET3Z, STM32H503CBT6, STM32H503CBU6, STM32H503EBY6TR, STM32H503KBU6, STM32H503RBT6, STM32H523CCT6, STM32H523CCU6, STM32H523CET6, STM32H523CEU6, STM32H523HEY6TR, STM32H523RCT6, STM32H523RET6, STM32H523VCI6, STM32H523VCT6, STM32H523VEI6, STM32H523VET6, STM32H523ZCJ6, STM32H523ZCT6, STM32H523ZEJ6, STM32H523ZET6, STM32H533CET6, STM32H533CEU6, STM32H533HEY6TR, STM32H533RET6, STM32H533VEI6, STM32H533VET6, STM32H533ZEJ6, STM32H533ZET6, STM32H562AGI6, STM32H562AII6, STM32H562IGK6, STM32H562IGT6, STM32H562IIK6, STM32H562IIT6, STM32H562RGT6, STM32H562RGV6, STM32H562RIT6, STM32H562RIV6, STM32H562VGT6, STM32H562VIT6, STM32H562ZGT6, STM32H562ZIT6, STM32H563AGI6, STM32H563AII3Q, STM32H563AII6, STM32H563IGK6, STM32H563IGT6, STM32H563IIK3Q, STM32H563IIK6, STM32H563IIT3Q, STM32H563IIT6, STM32H563MIY3QTR, STM32H563RGT6, STM32H563RGV6, STM32H563RIT6, STM32H563RIV6, STM32H563VGT6, STM32H563VIT3Q, STM32H563VIT6, STM32H563ZGT6, STM32H563ZIT3Q, STM32H563ZIT6, STM32H573AII3Q, STM32H573AII6, STM32H573I-DK, STM32H573IIK3Q, STM32H573IIK6, STM32H573IIT3Q, STM32H573IIT6, STM32H573MIY3QTR, STM32H573RIT6, STM32H573RIV6, STM32H573VIT3Q, STM32H573VIT6, STM32H573ZIT3Q, STM32H573ZIT6, STM32H7R3A8I6, STM32H7R3I8K6, STM32H7R3I8T6, STM32H7R3L8H6, STM32H7R3L8H6H, STM32H7R3R8V6, STM32H7R3V8H6, STM32H7R3V8T6, STM32H7R3V8Y6TR, STM32H7R3Z8J6, STM32H7R3Z8T6, STM32H7R7A8I6, STM32H7R7I8K6, STM32H7R7I8T6, STM32H7R7L8H6, STM32H7R7L8H6H, STM32H7R7Z8J6, STM32H7S3A8I6, STM32H7S3I8K6, STM32H7S3I8T6, STM32H7S3L8H6, STM32H7S3L8H6H, STM32H7S3R8V6, STM32H7S3V8H6, STM32H7S3V8T6, STM32H7S3V8Y6TR, STM32H7S3Z8J6, STM32H7S3Z8T6, STM32H7S78-DK, STM32H7S7A8I6, STM32H7S7I8K6, STM32H7S7I8T6, STM32H7S7L8H6, STM32H7S7L8H6H, STM32H7S7Z8J6, STM32L4R5QGI6STR, STM32MP131AAE3, STM32MP131AAF3, STM32MP131AAG3, STM32MP131CAE3, STM32MP131CAF3, STM32MP131CAG3, STM32MP131DAE7, STM32MP131DAF7, STM32MP131DAG7, STM32MP131FAE7, STM32MP131FAF7, STM32MP131FAG7, STM32MP133AAE3, STM32MP133AAF3, STM32MP133AAG3, STM32MP133CAE3, STM32MP133CAF3, STM32MP133CAG3, STM32MP133DAE7, STM32MP133DAF7, STM32MP133DAG7, STM32MP133FAE7, STM32MP133FAF7, STM32MP133FAG7, STM32MP135AAE3, STM32MP135AAF3, STM32MP135AAG3, STM32MP135CAE3, STM32MP135CAF3, STM32MP135CAG3, STM32MP135DAE7, STM32MP135DAF7, STM32MP135DAG7, STM32MP135F-DK, STM32MP135FAE7, STM32MP135FAF7, STM32MP135FAF7T, STM32MP135FAF7U, STM32MP135FAG7, STM32MP251AAI3, STM32MP251AAK3, STM32MP251AAL3, STM32MP251CAI3, STM32MP251CAK3, STM32MP251CAL3, STM32MP251DAI3, STM32MP251DAK3, STM32MP251DAL3, STM32MP251FAI3, STM32MP251FAK3, STM32MP251FAL3, STM32MP253AAI3, STM32MP253AAK3, STM32MP253AAL3, STM32MP253CAI3, STM32MP253CAK3, STM32MP253CAL3, STM32MP253DAI3, STM32MP253DAK3, STM32MP253DAL3, STM32MP253FAI3, STM32MP253FAK3, STM32MP253FAL3, STM32MP255AAI3, STM32MP255AAK3, STM32MP255AAL3, STM32MP255CAI3, STM32MP255CAK3, STM32MP255CAL3, STM32MP255DAI3, STM32MP255DAK3, STM32MP255DAL3, STM32MP255FAI3, STM32MP255FAK3, STM32MP255FAL3, STM32MP257AAI3, STM32MP257AAK3, STM32MP257AAL3, STM32MP257CAI3, STM32MP257CAK3, STM32MP257CAL3, STM32MP257DAI3, STM32MP257DAK3, STM32MP257DAL3, STM32MP257F-DK, STM32MP257F-EV1, STM32MP257FAI3, STM32MP257FAK3, STM32MP257FAL3, STM32U031C6T6, STM32U031C6U6, STM32U031C8T6, STM32U031C8U6, STM32U031F4P6, STM32U031F6P6, STM32U031F8P6, STM32U031G6Y6TR, STM32U031G8Y6TR, STM32U031K4U6, STM32U031K6U6, STM32U031K8U6, STM32U031R6I6, STM32U031R6T6, STM32U031R8I6, STM32U031R8T6, STM32U073C8T6, STM32U073C8U6, STM32U073CBT6, STM32U073CBU6, STM32U073CCT6, STM32U073CCU6, STM32U073H8Y6TR, STM32U073HBY6TR, STM32U073HCY6TR, STM32U073K8U6, STM32U073KBU6, STM32U073KCU6, STM32U073M8I6, STM32U073M8T6, STM32U073MBI6, STM32U073MBT6, STM32U073MCI6, STM32U073MCT6, STM32U073R8I6, STM32U073R8T6, STM32U073RBI6, STM32U073RBT6, STM32U073RCI6, STM32U073RCT6, STM32U083C-DK, STM32U083CCT6, STM32U083CCU6, STM32U083HCY6TR, STM32U083KCU6, STM32U083MCI6, STM32U083MCT6, STM32U083RCI6, STM32U083RCT6, STM32U535CBT6, STM32U535CBT6Q, STM32U535CBU6, STM32U535CBU6Q, STM32U535CCT6, STM32U535CCT6Q, STM32U535CCU6, STM32U535CCU6Q, STM32U535CET6, STM32U535CET6Q, STM32U535CEU6, STM32U535CEU6Q, STM32U535JEY6QTR, STM32U535NCY6QTR, STM32U535NEY6QTR, STM32U535RBI6, STM32U535RBI6Q, STM32U535RBT6, STM32U535RBT6Q, STM32U535RCI6, STM32U535RCI6Q, STM32U535RCT6, STM32U535RCT6Q, STM32U535REI6, STM32U535REI6Q, STM32U535RET6, STM32U535RET6Q, STM32U535VCI6, STM32U535VCI6Q, STM32U535VCT6, STM32U535VCT6Q, STM32U535VEI6, STM32U535VEI6Q, STM32U535VET6, STM32U535VET6Q, STM32U545CET6, STM32U545CET6Q, STM32U545CEU6, STM32U545CEU6Q, STM32U545JEY6QTR, STM32U545NEY6QTR, STM32U545REI6, STM32U545REI6Q, STM32U545RET6, STM32U545RET6Q, STM32U545VEI6, STM32U545VEI6Q, STM32U545VET6, STM32U545VET6Q, STM32U595AIH6, STM32U595AIH6Q, STM32U595AJH6, STM32U595AJH6Q, STM32U595QII6, STM32U595QII6Q, STM32U595QJI6, STM32U595QJI6Q, STM32U595RIT6, STM32U595RIT6Q, STM32U595RJT6, STM32U595RJT6Q, STM32U595VIT6, STM32U595VIT6Q, STM32U595VJT6, STM32U595VJT6Q, STM32U595ZIT6, STM32U595ZIT6Q, STM32U595ZIY6QTR, STM32U595ZJT6, STM32U595ZJT6Q, STM32U595ZJY6QTR, STM32U599BJY6QTR, STM32U599NIH6Q, STM32U599NJH6Q, STM32U599VIT6Q, STM32U599VJT6, STM32U599VJT6Q, STM32U599ZIT6Q, STM32U599ZIY6QTR, STM32U599ZJT6Q, STM32U599ZJY6QTR, STM32U5A5AJH6, STM32U5A5AJH6Q, STM32U5A5QII3Q , STM32U5A5QJI6, STM32U5A5QJI6Q, STM32U5A5RJT6, STM32U5A5RJT6Q, STM32U5A5VJT6, STM32U5A5VJT6Q, STM32U5A5ZJT6, STM32U5A5ZJT6Q, STM32U5A5ZJY6QTR, STM32U5A9BJY6QTR, STM32U5A9J-DK, STM32U5A9NJH6Q, STM32U5A9VJT6Q, STM32U5A9ZJT6Q, STM32U5A9ZJY6QTR, STM32U5F7VIT6, STM32U5F7VIT6Q, STM32U5F7VJT6, STM32U5F7VJT6Q, STM32U5F9BJY6QTR, STM32U5F9NJH6Q, STM32U5F9VIT6Q, STM32U5F9VJT6Q, STM32U5F9ZIJ6QTR, STM32U5F9ZIT6Q, STM32U5F9ZJJ6QTR, STM32U5F9ZJT6Q, STM32U5G7VJT6, STM32U5G7VJT6Q, STM32U5G9BJY6QTR, STM32U5G9J-DK1, STM32U5G9J-DK2, STM32U5G9NJH6Q, STM32U5G9VJT6Q, STM32U5G9ZJJ6QTR, STM32U5G9ZJT6Q, STM32WB05KZV6TR, STM32WB05KZV7TR, STM32WB05TZF6TR, STM32WB05TZF7TR, STM32WB06CCF6TR, STM32WB06CCF7TR, STM32WB06CCV6TR, STM32WB06CCV7TR, STM32WB06KCV6TR, STM32WB06KCV7TR, STM32WB07CCF6TR, STM32WB07CCF7TR, STM32WB07CCV6TR, STM32WB07CCV7TR, STM32WB07KCV6TR, STM32WB07KCV7TR, STM32WB09KEV6TR, STM32WB09KEV7TR, STM32WB09TEF6TR, STM32WB09TEF7TR, STM32WB1MMCH6, STM32WBA50KGU6, STM32WBA50KGU6TR, STM32WBA52CEU6, STM32WBA52CEU6TR, STM32WBA52CEU7, STM32WBA52CEU7TR, STM32WBA52CGU6, STM32WBA52CGU6TR, STM32WBA52CGU6U, STM32WBA52CGU7, STM32WBA52CGU7TR, STM32WBA52KEU6, STM32WBA52KEU6TR, STM32WBA52KGU6, STM32WBA52KGU6TR, STM32WBA54CEU6, STM32WBA54CEU6TR, STM32WBA54CEU7, STM32WBA54CEU7TR, STM32WBA54CGU6, STM32WBA54CGU6TR, STM32WBA54CGU7, STM32WBA54CGU7TR, STM32WBA54KEU6, STM32WBA54KEU6TR, STM32WBA54KEU7, STM32WBA54KEU7TR, STM32WBA54KGU6, STM32WBA54KGU6TR, STM32WBA54KGU7, STM32WBA54KGU7TR, STM32WBA55CEU6, STM32WBA55CEU6TR, STM32WBA55CEU7, STM32WBA55CEU7TR, STM32WBA55CGU6, STM32WBA55CGU6TR, STM32WBA55CGU6U, STM32WBA55CGU7, STM32WBA55CGU7TR, STM32WBA55G-DK1, STM32WBA55HEF6, STM32WBA55HEF7, STM32WBA55HGF6, STM32WBA55HGF7, STM32WBA55UEI6, STM32WBA55UEI6TR, STM32WBA55UEI7, STM32WBA55UEI7TR, STM32WBA55UGI6, STM32WBA55UGI6TR, STM32WBA55UGI7, STM32WBA55UGI7TR, STM32WL5MOCH6, STM32WL5MOCH6TR]
2024-10-10 00:53:51,805 [INFO] BoardInfo:889 - No configuration file found for board P-NUCLEO-WB55
2024-10-10 00:53:51,806 [INFO] DbBoards:161 - Kit is not supported: P-NUCLEO-WB55
2024-10-10 00:53:51,811 [INFO] BoardInfo:889 - No configuration file found for board STEVAL-BFA001V1B
2024-10-10 00:53:51,812 [INFO] DbBoards:161 - Kit is not supported: STEVAL-BFA001V1B
2024-10-10 00:53:51,813 [INFO] BoardInfo:889 - No configuration file found for board STEVAL-BFA001V2B
2024-10-10 00:53:51,813 [INFO] DbBoards:161 - Kit is not supported: STEVAL-BFA001V2B
2024-10-10 00:53:51,945 [INFO] DbBoards:168 - Found 201 boards, 198 are supported
2024-10-10 00:53:51,945 [INFO] DbBoards:169 - Found 201 boards, 25 of them is supported for  Bsp
2024-10-10 00:53:51,947 [INFO] ApiDb:668 - CubeFinder database Data Model version=2.1
2024-10-10 00:53:51,947 [INFO] ApiDb:669 - CubeFinder database Configuration version=3.0.39
2024-10-10 00:53:51,947 [INFO] ApiDb:670 - CubeFinder database generation date=2024-09-16 (1726485674)
2024-10-10 00:53:51,947 [INFO] ApiDb:671 - CubeFinder database FW Pack versions=[FP-ATR-ASTRA1_V2.0.0, FP-SNS-FLIGHT1_V5.0.2, FP-SNS-MOTENV1_V5.0.0, FP-SNS-MOTENVWB1_V1.4.0, FP-SNS-SMARTAG2_V1.2.0, FP-SNS-STBOX1_V2.0.0, STM32Cube_FW_C0_V1.2.0, STM32Cube_FW_F4_V1.28.1, STM32Cube_FW_F7_V1.17.2, STM32Cube_FW_G0_V1.6.2, STM32Cube_FW_G4_V1.6.0, STM32Cube_FW_H5_V1.3.0, STM32Cube_FW_H7RS_V1.1.0, STM32Cube_FW_H7_V1.11.2, STM32Cube_FW_L0_V1.12.2, STM32Cube_FW_L5_V1.5.1, STM32Cube_FW_U0_V1.1.0, STM32Cube_FW_U5_V1.6.0, STM32Cube_FW_WB0_V1.0.0, STM32Cube_FW_WBA_V1.4.1, STM32Cube_FW_WB_V1.20.0, STM32Cube_FW_WL_V1.3.0, X-CUBE-ALGOBUILD_V1.4.0, X-CUBE-ALS_V1.0.2, X-CUBE-AZRTOS-F4_V1.1.0, X-CUBE-AZRTOS-F7_V1.1.0, X-CUBE-AZRTOS-G0_V1.1.0, X-CUBE-AZRTOS-G4_V2.0.0, X-CUBE-AZRTOS-H7RS_V1.0.0, X-CUBE-AZRTOS-H7_V3.2.0, X-CUBE-AZRTOS-L4_V2.0.0, X-CUBE-AZRTOS-L5_V2.0.0, X-CUBE-AZRTOS-WB_V2.0.0, X-CUBE-AZRTOS-WL_V2.0.0, X-CUBE-BLE1_V7.0.0, X-CUBE-BLE2_V3.3.0, X-CUBE-BLEMGR_V3.1.0, X-CUBE-EEPRMA1_V5.1.0, X-CUBE-FREERTOS_V1.2.0, X-CUBE-GNSS1_V6.0.0, X-CUBE-MEMS1_V11.0.0, X-CUBE-NFC4_V3.0.0, X-CUBE-NFC7_V1.0.1, X-CUBE-SFXS2LP1_V4.0.0, X-CUBE-SUBG2_V5.0.0, X-CUBE-TOF1_V3.4.2]
2024-10-10 00:53:52,988 [INFO] ApiDb:240 - Found 646 in-development CPN: [B-G473E-ZEST1S, B-WB1M-WPAN1, B-WL5M-SUBG1, NUCLEO-C031C6, NUCLEO-C071RB, NUCLEO-H503RB, NUCLEO-H533RE, NUCLEO-H563ZI, NUCLEO-H7S3L8, NUCLEO-U031R8, NUCLEO-U083RC, NUCLEO-U545RE-Q, NUCLEO-U5A5ZJ-Q, NUCLEO-WB05KZ, NUCLEO-WB07CC, NUCLEO-WB09KE, NUCLEO-WBA52CG, NUCLEO-WBA55CG, STEVAL-PROTEUS1, STEVAL-SMARTAG2, STEVAL-STWINBX1, STM320518-EVAL, STM32C0116-DK, STM32C011D6Y3TR, STM32C011D6Y6TR, STM32C011F4P3, STM32C011F4P6, STM32C011F4U3, STM32C011F4U6TR, STM32C011F6P3, STM32C011F6P6, STM32C011F6U3, STM32C011F6U6TR, STM32C011J4M3, STM32C011J4M6, STM32C011J6M3, STM32C011J6M6, STM32C0316-DK, STM32C031C4T3, STM32C031C4T6, STM32C031C4U3, STM32C031C4U6, STM32C031C6T3, STM32C031C6T6, STM32C031C6U3, STM32C031C6U6, STM32C031F4P3, STM32C031F4P6, STM32C031F6P3, STM32C031F6P6, STM32C031G4U3, STM32C031G4U6, STM32C031G6U3, STM32C031G6U6, STM32C031K4T3, STM32C031K4T6, STM32C031K4U3, STM32C031K4U6, STM32C031K6T3, STM32C031K6T6, STM32C031K6U3, STM32C031K6U6, STM32C071C8T6, STM32C071C8T6N, STM32C071C8U6, STM32C071C8U6N, STM32C071CBT6, STM32C071CBT6N, STM32C071CBU6, STM32C071CBU6N, STM32C071F8P6, STM32C071F8P6N, STM32C071FBP6, STM32C071FBP6N, STM32C071FBY6TR, STM32C071G8U6, STM32C071G8U6N, STM32C071GBU6, STM32C071GBU6N, STM32C071K8T6, STM32C071K8T6N, STM32C071K8U6, STM32C071K8U6N, STM32C071KBT6, STM32C071KBT6N, STM32C071KBU6, STM32C071KBU6N, STM32C071R8T6, STM32C071R8T6N, STM32C071RBI6N, STM32C071RBT6, STM32C071RBT6N, STM32G071K8TXN, STM32G071K8UXN, STM32G081GBU6N, STM32G081KBT6N, STM32G081KBUXN, STM32G0B1CCT6N, STM32G0B1KCT6, STM32G0B1NEY6TR, STM32G0B1RCT6N, STM32G0C1CCT6, STM32G0C1CCT6N, STM32G0C1CCU6N, STM32G0C1CET6N, STM32G0C1CEU6N, STM32G0C1KCT6, STM32G0C1NEY6TR, STM32G0C1RCI6N, STM32G0C1RCT6N, STM32G0C1REI6N, STM32G0C1RET6N, STM32G0C1VCI6, STM32G0C1VEI6, STM32G411C6T3, STM32G411C6T6, STM32G411C6U3, STM32G411C6U6, STM32G411C8T3, STM32G411C8T6, STM32G411C8U3, STM32G411C8U6, STM32G411CBT3, STM32G411CBT6, STM32G411CBU3, STM32G411CBU6, STM32G411K6T3, STM32G411K6T6, STM32G411K6U3, STM32G411K6U6, STM32G411K8T3, STM32G411K8T6, STM32G411K8U3, STM32G411K8U6, STM32G411KBT3, STM32G411KBT6, STM32G411KBU3, STM32G411KBU6, STM32G411M6T3, STM32G411M6T6, STM32G411M8T3, STM32G411M8T6, STM32G411MBT3, STM32G411MBT6, STM32G411R6T3, STM32G411R6T6, STM32G411R8T3, STM32G411R8T6, STM32G411RBT3, STM32G411RBT6, STM32G414CBT3, STM32G414CBT6, STM32G414CBU3, STM32G414CBU6, STM32G414CCT3, STM32G414CCT6, STM32G414CCU3, STM32G414CCU6, STM32G414MBT3, STM32G414MBT6, STM32G414MCT3, STM32G414MCT6, STM32G414RBT3, STM32G414RBT6, STM32G414RCT3, STM32G414RCT6, STM32G414VBT3, STM32G414VBT6, STM32G414VCT3, STM32G414VCT6, STM32G431CBT3Z, STM32G431RBT3Z, STM32G471CCT6, STM32G471CCU6, STM32G471CET3, STM32G471CET6, STM32G471CEU3, STM32G471CEU6, STM32G471MCT6, STM32G471MET3, STM32G471MET6, STM32G471MEY6TR, STM32G471QCT6, STM32G471QET3, STM32G471RCT6, STM32G471RET3, STM32G471RET6, STM32G471VCH6, STM32G471VCI6, STM32G471VCT6, STM32G471VEH3, STM32G471VEH6, STM32G471VEI3, STM32G471VEI6, STM32G471VET3, STM32G471VET6, STM32G473QET3Z, STM32G473RET3Z, STM32G474CCT6, STM32G491RET3Z, STM32H503CBT6, STM32H503CBU6, STM32H503EBY6TR, STM32H503KBU6, STM32H503RBT6, STM32H523CCT6, STM32H523CCU6, STM32H523CET6, STM32H523CEU6, STM32H523HEY6TR, STM32H523RCT6, STM32H523RET6, STM32H523VCI6, STM32H523VCT6, STM32H523VEI6, STM32H523VET6, STM32H523ZCJ6, STM32H523ZCT6, STM32H523ZEJ6, STM32H523ZET6, STM32H533CET6, STM32H533CEU6, STM32H533HEY6TR, STM32H533RET6, STM32H533VEI6, STM32H533VET6, STM32H533ZEJ6, STM32H533ZET6, STM32H562AGI6, STM32H562AII6, STM32H562IGK6, STM32H562IGT6, STM32H562IIK6, STM32H562IIT6, STM32H562RGT6, STM32H562RGV6, STM32H562RIT6, STM32H562RIV6, STM32H562VGT6, STM32H562VIT6, STM32H562ZGT6, STM32H562ZIT6, STM32H563AGI6, STM32H563AII3Q, STM32H563AII6, STM32H563IGK6, STM32H563IGT6, STM32H563IIK3Q, STM32H563IIK6, STM32H563IIT3Q, STM32H563IIT6, STM32H563MIY3QTR, STM32H563RGT6, STM32H563RGV6, STM32H563RIT6, STM32H563RIV6, STM32H563VGT6, STM32H563VIT3Q, STM32H563VIT6, STM32H563ZGT6, STM32H563ZIT3Q, STM32H563ZIT6, STM32H573AII3Q, STM32H573AII6, STM32H573I-DK, STM32H573IIK3Q, STM32H573IIK6, STM32H573IIT3Q, STM32H573IIT6, STM32H573MIY3QTR, STM32H573RIT6, STM32H573RIV6, STM32H573VIT3Q, STM32H573VIT6, STM32H573ZIT3Q, STM32H573ZIT6, STM32H7R3A8I6, STM32H7R3I8K6, STM32H7R3I8T6, STM32H7R3L8H6, STM32H7R3L8H6H, STM32H7R3R8V6, STM32H7R3V8H6, STM32H7R3V8T6, STM32H7R3V8Y6TR, STM32H7R3Z8J6, STM32H7R3Z8T6, STM32H7R7A8I6, STM32H7R7I8K6, STM32H7R7I8T6, STM32H7R7L8H6, STM32H7R7L8H6H, STM32H7R7Z8J6, STM32H7S3A8I6, STM32H7S3I8K6, STM32H7S3I8T6, STM32H7S3L8H6, STM32H7S3L8H6H, STM32H7S3R8V6, STM32H7S3V8H6, STM32H7S3V8T6, STM32H7S3V8Y6TR, STM32H7S3Z8J6, STM32H7S3Z8T6, STM32H7S78-DK, STM32H7S7A8I6, STM32H7S7I8K6, STM32H7S7I8T6, STM32H7S7L8H6, STM32H7S7L8H6H, STM32H7S7Z8J6, STM32L4R5QGI6STR, STM32MP131AAE3, STM32MP131AAF3, STM32MP131AAG3, STM32MP131CAE3, STM32MP131CAF3, STM32MP131CAG3, STM32MP131DAE7, STM32MP131DAF7, STM32MP131DAG7, STM32MP131FAE7, STM32MP131FAF7, STM32MP131FAG7, STM32MP133AAE3, STM32MP133AAF3, STM32MP133AAG3, STM32MP133CAE3, STM32MP133CAF3, STM32MP133CAG3, STM32MP133DAE7, STM32MP133DAF7, STM32MP133DAG7, STM32MP133FAE7, STM32MP133FAF7, STM32MP133FAG7, STM32MP135AAE3, STM32MP135AAF3, STM32MP135AAG3, STM32MP135CAE3, STM32MP135CAF3, STM32MP135CAG3, STM32MP135DAE7, STM32MP135DAF7, STM32MP135DAG7, STM32MP135F-DK, STM32MP135FAE7, STM32MP135FAF7, STM32MP135FAF7T, STM32MP135FAF7U, STM32MP135FAG7, STM32MP251AAI3, STM32MP251AAK3, STM32MP251AAL3, STM32MP251CAI3, STM32MP251CAK3, STM32MP251CAL3, STM32MP251DAI3, STM32MP251DAK3, STM32MP251DAL3, STM32MP251FAI3, STM32MP251FAK3, STM32MP251FAL3, STM32MP253AAI3, STM32MP253AAK3, STM32MP253AAL3, STM32MP253CAI3, STM32MP253CAK3, STM32MP253CAL3, STM32MP253DAI3, STM32MP253DAK3, STM32MP253DAL3, STM32MP253FAI3, STM32MP253FAK3, STM32MP253FAL3, STM32MP255AAI3, STM32MP255AAK3, STM32MP255AAL3, STM32MP255CAI3, STM32MP255CAK3, STM32MP255CAL3, STM32MP255DAI3, STM32MP255DAK3, STM32MP255DAL3, STM32MP255FAI3, STM32MP255FAK3, STM32MP255FAL3, STM32MP257AAI3, STM32MP257AAK3, STM32MP257AAL3, STM32MP257CAI3, STM32MP257CAK3, STM32MP257CAL3, STM32MP257DAI3, STM32MP257DAK3, STM32MP257DAL3, STM32MP257F-DK, STM32MP257F-EV1, STM32MP257FAI3, STM32MP257FAK3, STM32MP257FAL3, STM32U031C6T6, STM32U031C6U6, STM32U031C8T6, STM32U031C8U6, STM32U031F4P6, STM32U031F6P6, STM32U031F8P6, STM32U031G6Y6TR, STM32U031G8Y6TR, STM32U031K4U6, STM32U031K6U6, STM32U031K8U6, STM32U031R6I6, STM32U031R6T6, STM32U031R8I6, STM32U031R8T6, STM32U073C8T6, STM32U073C8U6, STM32U073CBT6, STM32U073CBU6, STM32U073CCT6, STM32U073CCU6, STM32U073H8Y6TR, STM32U073HBY6TR, STM32U073HCY6TR, STM32U073K8U6, STM32U073KBU6, STM32U073KCU6, STM32U073M8I6, STM32U073M8T6, STM32U073MBI6, STM32U073MBT6, STM32U073MCI6, STM32U073MCT6, STM32U073R8I6, STM32U073R8T6, STM32U073RBI6, STM32U073RBT6, STM32U073RCI6, STM32U073RCT6, STM32U083C-DK, STM32U083CCT6, STM32U083CCU6, STM32U083HCY6TR, STM32U083KCU6, STM32U083MCI6, STM32U083MCT6, STM32U083RCI6, STM32U083RCT6, STM32U535CBT6, STM32U535CBT6Q, STM32U535CBU6, STM32U535CBU6Q, STM32U535CCT6, STM32U535CCT6Q, STM32U535CCU6, STM32U535CCU6Q, STM32U535CET6, STM32U535CET6Q, STM32U535CEU6, STM32U535CEU6Q, STM32U535JEY6QTR, STM32U535NCY6QTR, STM32U535NEY6QTR, STM32U535RBI6, STM32U535RBI6Q, STM32U535RBT6, STM32U535RBT6Q, STM32U535RCI6, STM32U535RCI6Q, STM32U535RCT6, STM32U535RCT6Q, STM32U535REI6, STM32U535REI6Q, STM32U535RET6, STM32U535RET6Q, STM32U535VCI6, STM32U535VCI6Q, STM32U535VCT6, STM32U535VCT6Q, STM32U535VEI6, STM32U535VEI6Q, STM32U535VET6, STM32U535VET6Q, STM32U545CET6, STM32U545CET6Q, STM32U545CEU6, STM32U545CEU6Q, STM32U545JEY6QTR, STM32U545NEY6QTR, STM32U545REI6, STM32U545REI6Q, STM32U545RET6, STM32U545RET6Q, STM32U545VEI6, STM32U545VEI6Q, STM32U545VET6, STM32U545VET6Q, STM32U595AIH6, STM32U595AIH6Q, STM32U595AJH6, STM32U595AJH6Q, STM32U595QII6, STM32U595QII6Q, STM32U595QJI6, STM32U595QJI6Q, STM32U595RIT6, STM32U595RIT6Q, STM32U595RJT6, STM32U595RJT6Q, STM32U595VIT6, STM32U595VIT6Q, STM32U595VJT6, STM32U595VJT6Q, STM32U595ZIT6, STM32U595ZIT6Q, STM32U595ZIY6QTR, STM32U595ZJT6, STM32U595ZJT6Q, STM32U595ZJY6QTR, STM32U599BJY6QTR, STM32U599NIH6Q, STM32U599NJH6Q, STM32U599VIT6Q, STM32U599VJT6, STM32U599VJT6Q, STM32U599ZIT6Q, STM32U599ZIY6QTR, STM32U599ZJT6Q, STM32U599ZJY6QTR, STM32U5A5AJH6, STM32U5A5AJH6Q, STM32U5A5QII3Q , STM32U5A5QJI6, STM32U5A5QJI6Q, STM32U5A5RJT6, STM32U5A5RJT6Q, STM32U5A5VJT6, STM32U5A5VJT6Q, STM32U5A5ZJT6, STM32U5A5ZJT6Q, STM32U5A5ZJY6QTR, STM32U5A9BJY6QTR, STM32U5A9J-DK, STM32U5A9NJH6Q, STM32U5A9VJT6Q, STM32U5A9ZJT6Q, STM32U5A9ZJY6QTR, STM32U5F7VIT6, STM32U5F7VIT6Q, STM32U5F7VJT6, STM32U5F7VJT6Q, STM32U5F9BJY6QTR, STM32U5F9NJH6Q, STM32U5F9VIT6Q, STM32U5F9VJT6Q, STM32U5F9ZIJ6QTR, STM32U5F9ZIT6Q, STM32U5F9ZJJ6QTR, STM32U5F9ZJT6Q, STM32U5G7VJT6, STM32U5G7VJT6Q, STM32U5G9BJY6QTR, STM32U5G9J-DK1, STM32U5G9J-DK2, STM32U5G9NJH6Q, STM32U5G9VJT6Q, STM32U5G9ZJJ6QTR, STM32U5G9ZJT6Q, STM32WB05KZV6TR, STM32WB05KZV7TR, STM32WB05TZF6TR, STM32WB05TZF7TR, STM32WB06CCF6TR, STM32WB06CCF7TR, STM32WB06CCV6TR, STM32WB06CCV7TR, STM32WB06KCV6TR, STM32WB06KCV7TR, STM32WB07CCF6TR, STM32WB07CCF7TR, STM32WB07CCV6TR, STM32WB07CCV7TR, STM32WB07KCV6TR, STM32WB07KCV7TR, STM32WB09KEV6TR, STM32WB09KEV7TR, STM32WB09TEF6TR, STM32WB09TEF7TR, STM32WB1MMCH6, STM32WBA50KGU6, STM32WBA50KGU6TR, STM32WBA52CEU6, STM32WBA52CEU6TR, STM32WBA52CEU7, STM32WBA52CEU7TR, STM32WBA52CGU6, STM32WBA52CGU6TR, STM32WBA52CGU6U, STM32WBA52CGU7, STM32WBA52CGU7TR, STM32WBA52KEU6, STM32WBA52KEU6TR, STM32WBA52KGU6, STM32WBA52KGU6TR, STM32WBA54CEU6, STM32WBA54CEU6TR, STM32WBA54CEU7, STM32WBA54CEU7TR, STM32WBA54CGU6, STM32WBA54CGU6TR, STM32WBA54CGU7, STM32WBA54CGU7TR, STM32WBA54KEU6, STM32WBA54KEU6TR, STM32WBA54KEU7, STM32WBA54KEU7TR, STM32WBA54KGU6, STM32WBA54KGU6TR, STM32WBA54KGU7, STM32WBA54KGU7TR, STM32WBA55CEU6, STM32WBA55CEU6TR, STM32WBA55CEU7, STM32WBA55CEU7TR, STM32WBA55CGU6, STM32WBA55CGU6TR, STM32WBA55CGU6U, STM32WBA55CGU7, STM32WBA55CGU7TR, STM32WBA55G-DK1, STM32WBA55HEF6, STM32WBA55HEF7, STM32WBA55HGF6, STM32WBA55HGF7, STM32WBA55UEI6, STM32WBA55UEI6TR, STM32WBA55UEI7, STM32WBA55UEI7TR, STM32WBA55UGI6, STM32WBA55UGI6TR, STM32WBA55UGI7, STM32WBA55UGI7TR, STM32WL5MOCH6, STM32WL5MOCH6TR]
2024-10-10 00:53:53,001 [INFO] DbMcus:218 - Found 4252 MCUs, 4252 are supported
2024-10-10 00:53:53,015 [INFO] ApiDb:423 - Load user favorites file /Users/walkerhsu/.stm32cubeide/favorites.mcus.txt: 0 item(s)
2024-10-10 00:53:53,019 [INFO] ApiDb:427 - User favorites MCUs=[]
2024-10-10 00:53:53,020 [INFO] DbMcus:224 - Set 0 / 0 favorites MCUs
2024-10-10 00:53:53,296 [INFO] ApiDb:423 - Load user favorites file /Users/walkerhsu/.stm32cubeide/favorites.boards.txt: 1 item(s)
2024-10-10 00:53:53,298 [INFO] ApiDb:427 - User favorites Boards=[B-L475E-IOT01A2]
2024-10-10 00:53:53,298 [INFO] DbBoards:198 - Set 1 / 1 favorites Boards
2024-10-10 00:53:53,299 [INFO] McuFinderGlobals:76 - Set McuFinderConnectedMode to true
2024-10-10 00:53:53,321 [INFO] MultiScanPanel:200 - Auto-refresh data requested => check proxy status ongoing
2024-10-10 00:53:53,324 [INFO] FinderPluginLoader:95 - Searching for filters in installed packs
2024-10-10 00:53:54,737 [INFO] LoadUrlFilesThread:185 - End of LoadServerUrlFiles without Thread
2024-10-10 00:53:54,792 [INFO] DetailPanel:341 - Set advertising image to /Users/walkerhsu/STM32Cube/Repository//en.prom-stm32c071-usb-memories-mcu-finder.png
2024-10-10 00:53:55,571 [INFO] MultiScanPanel:200 - Auto-refresh data requested => check proxy status ongoing
2024-10-10 00:53:55,770 [INFO] LoadUrlFilesThread:185 - End of LoadServerUrlFiles without Thread
2024-10-10 00:53:55,771 [INFO] DetailPanel:341 - Set advertising image to /Users/walkerhsu/STM32Cube/Repository//en.prom-stm32c071-usb-memories-mcu-finder.png
2024-10-10 00:53:55,788 [INFO] DbBoards:642 - Loading board mini-images...
2024-10-10 00:53:56,208 [ERROR] DbBoards:659 - Image file not found for board NUCLEO-C071RB: /Users/walkerhsu/.stmcufinder/plugins/mcufinder//mcu//boards_images/NUCLEO-C071RB.jpg
2024-10-10 00:53:57,005 [ERROR] DbBoards:659 - Image file not found for board NUCLEO-WB05KZ: /Users/walkerhsu/.stmcufinder/plugins/mcufinder//mcu//boards_images/NUCLEO-WB05KZ.jpg
2024-10-10 00:53:58,131 [INFO] DbBoards:665 - Loaded 199 board mini-images
2024-10-10 00:53:58,241 [INFO] MultiScanPanel:200 - Auto-refresh data requested => check proxy status ongoing
2024-10-10 00:53:58,244 [INFO] ApiDb:668 - CubeFinder database Data Model version=2.1
2024-10-10 00:53:58,244 [INFO] ApiDb:669 - CubeFinder database Configuration version=3.0.39
2024-10-10 00:53:58,245 [INFO] ApiDb:670 - CubeFinder database generation date=2024-09-16 (1726485674)
2024-10-10 00:53:58,245 [INFO] ApiDb:671 - CubeFinder database FW Pack versions=[FP-ATR-ASTRA1_V2.0.0, FP-SNS-FLIGHT1_V5.0.2, FP-SNS-MOTENV1_V5.0.0, FP-SNS-MOTENVWB1_V1.4.0, FP-SNS-SMARTAG2_V1.2.0, FP-SNS-STBOX1_V2.0.0, STM32Cube_FW_C0_V1.2.0, STM32Cube_FW_F4_V1.28.1, STM32Cube_FW_F7_V1.17.2, STM32Cube_FW_G0_V1.6.2, STM32Cube_FW_G4_V1.6.0, STM32Cube_FW_H5_V1.3.0, STM32Cube_FW_H7RS_V1.1.0, STM32Cube_FW_H7_V1.11.2, STM32Cube_FW_L0_V1.12.2, STM32Cube_FW_L5_V1.5.1, STM32Cube_FW_U0_V1.1.0, STM32Cube_FW_U5_V1.6.0, STM32Cube_FW_WB0_V1.0.0, STM32Cube_FW_WBA_V1.4.1, STM32Cube_FW_WB_V1.20.0, STM32Cube_FW_WL_V1.3.0, X-CUBE-ALGOBUILD_V1.4.0, X-CUBE-ALS_V1.0.2, X-CUBE-AZRTOS-F4_V1.1.0, X-CUBE-AZRTOS-F7_V1.1.0, X-CUBE-AZRTOS-G0_V1.1.0, X-CUBE-AZRTOS-G4_V2.0.0, X-CUBE-AZRTOS-H7RS_V1.0.0, X-CUBE-AZRTOS-H7_V3.2.0, X-CUBE-AZRTOS-L4_V2.0.0, X-CUBE-AZRTOS-L5_V2.0.0, X-CUBE-AZRTOS-WB_V2.0.0, X-CUBE-AZRTOS-WL_V2.0.0, X-CUBE-BLE1_V7.0.0, X-CUBE-BLE2_V3.3.0, X-CUBE-BLEMGR_V3.1.0, X-CUBE-EEPRMA1_V5.1.0, X-CUBE-FREERTOS_V1.2.0, X-CUBE-GNSS1_V6.0.0, X-CUBE-MEMS1_V11.0.0, X-CUBE-NFC4_V3.0.0, X-CUBE-NFC7_V1.0.1, X-CUBE-SFXS2LP1_V4.0.0, X-CUBE-SUBG2_V5.0.0, X-CUBE-TOF1_V3.4.2]
2024-10-10 00:53:58,997 [ERROR] DbExamplesSqlite:437 - Missing JSON key: board_cpn
2024-10-10 00:53:59,000 [ERROR] DbExamplesSqlite:437 - Missing JSON key: board_cpn
2024-10-10 00:53:59,000 [ERROR] DbExamplesSqlite:437 - Missing JSON key: board_cpn
2024-10-10 00:53:59,000 [ERROR] DbExamplesSqlite:437 - Missing JSON key: board_cpn
2024-10-10 00:53:59,132 [ERROR] DbExamplesSqlite:437 - Missing JSON key: board_cpn
2024-10-10 00:53:59,132 [ERROR] DbExamplesSqlite:437 - Missing JSON key: board_cpn
2024-10-10 00:53:59,132 [ERROR] DbExamplesSqlite:437 - Missing JSON key: board_cpn
2024-10-10 00:53:59,133 [ERROR] DbExamplesSqlite:437 - Missing JSON key: board_cpn
2024-10-10 00:53:59,133 [ERROR] DbExamplesSqlite:437 - Missing JSON key: board_cpn
2024-10-10 00:53:59,133 [ERROR] DbExamplesSqlite:437 - Missing JSON key: board_cpn
2024-10-10 00:53:59,133 [ERROR] DbExamplesSqlite:437 - Missing JSON key: board_cpn
2024-10-10 00:53:59,133 [ERROR] DbExamplesSqlite:437 - Missing JSON key: board_cpn
2024-10-10 00:53:59,133 [ERROR] DbExamplesSqlite:437 - Missing JSON key: board_cpn
2024-10-10 00:53:59,140 [INFO] DbExamplesSqlite:395 - Ignored 28 examples not supported by CubeIDE
2024-10-10 00:53:59,140 [INFO] DbExamplesSqlite:396 - Found 8614 examples active
2024-10-10 00:53:59,141 [INFO] DbExamplesSqlite:397 - Found 0 examples obsolete
2024-10-10 00:53:59,143 [INFO] DbExamplesSqlite:398 - Found 0 examples under development
2024-10-10 00:53:59,144 [INFO] DbExamplesSqlite:399 - Found 10 examples not building
2024-10-10 00:53:59,151 [INFO] DbExamples:125 - Found 8596 examples
2024-10-10 00:53:59,180 [INFO] DbExamples:222 - Found 108 boards with related examples
2024-10-10 00:53:59,181 [INFO] DbExamples:235 - Found 90 MCUs with related examples
2024-10-10 00:53:59,200 [INFO] ApiDb:414 - User favorites file not found: /Users/walkerhsu/.stm32cubeide/favorites.examples.txt
2024-10-10 00:53:59,200 [INFO] DbExamples:250 - Set 0 / 0 favorites Examples
2024-10-10 00:53:59,804 [INFO] SoftwarePacks:127 - Download is needed for SW pack 'FP-ATR-ASTRA1_V2.0.0'
2024-10-10 00:53:59,804 [INFO] SoftwarePacks:127 - Download is needed for SW pack 'FP-SNS-FLIGHT1_V5.0.2'
2024-10-10 00:53:59,805 [INFO] SoftwarePacks:127 - Download is needed for SW pack 'FP-SNS-MOTENV1_V5.0.0'
2024-10-10 00:53:59,805 [INFO] SoftwarePacks:127 - Download is needed for SW pack 'FP-SNS-MOTENVWB1_V1.4.0'
2024-10-10 00:53:59,805 [INFO] SoftwarePacks:127 - Download is needed for SW pack 'FP-SNS-SMARTAG2_V1.2.0'
2024-10-10 00:53:59,805 [INFO] SoftwarePacks:127 - Download is needed for SW pack 'FP-SNS-STBOX1_V2.0.0'
2024-10-10 00:53:59,838 [INFO] SoftwarePacks:127 - Download is needed for SW pack 'STM32Cube_FW_C0_V1.2.0'
2024-10-10 00:53:59,842 [INFO] SoftwarePacks:127 - Download is needed for SW pack 'STM32Cube_FW_F4_V1.28.1'
2024-10-10 00:53:59,844 [INFO] SoftwarePacks:127 - Download is needed for SW pack 'STM32Cube_FW_F7_V1.17.2'
2024-10-10 00:53:59,846 [INFO] SoftwarePacks:127 - Download is needed for SW pack 'STM32Cube_FW_G0_V1.6.2'
2024-10-10 00:53:59,848 [INFO] SoftwarePacks:127 - Download is needed for SW pack 'STM32Cube_FW_G4_V1.6.0'
2024-10-10 00:53:59,850 [INFO] SoftwarePacks:127 - Download is needed for SW pack 'STM32Cube_FW_H5_V1.3.0'
2024-10-10 00:53:59,852 [INFO] SoftwarePacks:127 - Download is needed for SW pack 'STM32Cube_FW_H7RS_V1.1.0'
2024-10-10 00:53:59,854 [INFO] SoftwarePacks:127 - Download is needed for SW pack 'STM32Cube_FW_H7_V1.11.2'
2024-10-10 00:53:59,890 [INFO] SoftwarePacks:127 - Download is needed for SW pack 'STM32Cube_FW_L0_V1.12.2'
2024-10-10 00:53:59,924 [INFO] SoftwarePacks:127 - Download is needed for SW pack 'STM32Cube_FW_L5_V1.5.1'
2024-10-10 00:53:59,927 [INFO] SoftwarePacks:127 - Download is needed for SW pack 'STM32Cube_FW_U0_V1.1.0'
2024-10-10 00:53:59,930 [INFO] SoftwarePacks:127 - Download is needed for SW pack 'STM32Cube_FW_U5_V1.6.0'
2024-10-10 00:53:59,932 [INFO] SoftwarePacks:127 - Download is needed for SW pack 'STM32Cube_FW_WB0_V1.0.0'
2024-10-10 00:53:59,933 [INFO] SoftwarePacks:127 - Download is needed for SW pack 'STM32Cube_FW_WBA_V1.4.1'
2024-10-10 00:53:59,935 [INFO] SoftwarePacks:127 - Download is needed for SW pack 'STM32Cube_FW_WB_V1.20.0'
2024-10-10 00:53:59,938 [INFO] SoftwarePacks:127 - Download is needed for SW pack 'STM32Cube_FW_WL_V1.3.0'
2024-10-10 00:53:59,939 [INFO] SoftwarePacks:127 - Download is needed for SW pack 'X-CUBE-ALGOBUILD_V1.4.0'
2024-10-10 00:53:59,939 [INFO] SoftwarePacks:127 - Download is needed for SW pack 'X-CUBE-ALS_V1.0.2'
2024-10-10 00:53:59,940 [INFO] SoftwarePacks:127 - Download is needed for SW pack 'X-CUBE-AZRTOS-F4_V1.1.0'
2024-10-10 00:53:59,940 [INFO] SoftwarePacks:127 - Download is needed for SW pack 'X-CUBE-AZRTOS-F7_V1.1.0'
2024-10-10 00:53:59,940 [INFO] SoftwarePacks:127 - Download is needed for SW pack 'X-CUBE-AZRTOS-G0_V1.1.0'
2024-10-10 00:53:59,940 [INFO] SoftwarePacks:127 - Download is needed for SW pack 'X-CUBE-AZRTOS-G4_V2.0.0'
2024-10-10 00:53:59,940 [INFO] SoftwarePacks:127 - Download is needed for SW pack 'X-CUBE-AZRTOS-H7RS_V1.0.0'
2024-10-10 00:53:59,940 [INFO] SoftwarePacks:127 - Download is needed for SW pack 'X-CUBE-AZRTOS-H7_V3.2.0'
2024-10-10 00:53:59,940 [INFO] SoftwarePacks:127 - Download is needed for SW pack 'X-CUBE-AZRTOS-L4_V2.0.0'
2024-10-10 00:53:59,940 [INFO] SoftwarePacks:127 - Download is needed for SW pack 'X-CUBE-AZRTOS-L5_V2.0.0'
2024-10-10 00:53:59,940 [INFO] SoftwarePacks:127 - Download is needed for SW pack 'X-CUBE-AZRTOS-WB_V2.0.0'
2024-10-10 00:53:59,940 [INFO] SoftwarePacks:127 - Download is needed for SW pack 'X-CUBE-AZRTOS-WL_V2.0.0'
2024-10-10 00:53:59,940 [INFO] SoftwarePacks:127 - Download is needed for SW pack 'X-CUBE-BLE1_V7.0.0'
2024-10-10 00:53:59,940 [INFO] SoftwarePacks:127 - Download is needed for SW pack 'X-CUBE-BLE2_V3.3.0'
2024-10-10 00:53:59,940 [INFO] SoftwarePacks:127 - Download is needed for SW pack 'X-CUBE-BLEMGR_V3.1.0'
2024-10-10 00:53:59,940 [INFO] SoftwarePacks:127 - Download is needed for SW pack 'X-CUBE-EEPRMA1_V5.1.0'
2024-10-10 00:53:59,940 [INFO] SoftwarePacks:127 - Download is needed for SW pack 'X-CUBE-FREERTOS_V1.2.0'
2024-10-10 00:53:59,940 [INFO] SoftwarePacks:127 - Download is needed for SW pack 'X-CUBE-GNSS1_V6.0.0'
2024-10-10 00:53:59,940 [INFO] SoftwarePacks:127 - Download is needed for SW pack 'X-CUBE-MEMS1_V11.0.0'
2024-10-10 00:53:59,940 [INFO] SoftwarePacks:127 - Download is needed for SW pack 'X-CUBE-NFC4_V3.0.0'
2024-10-10 00:53:59,940 [INFO] SoftwarePacks:127 - Download is needed for SW pack 'X-CUBE-NFC7_V1.0.1'
2024-10-10 00:53:59,940 [INFO] SoftwarePacks:127 - Download is needed for SW pack 'X-CUBE-SFXS2LP1_V4.0.0'
2024-10-10 00:53:59,940 [INFO] SoftwarePacks:127 - Download is needed for SW pack 'X-CUBE-SUBG2_V5.0.0'
2024-10-10 00:53:59,940 [INFO] SoftwarePacks:127 - Download is needed for SW pack 'X-CUBE-TOF1_V3.4.2'
2024-10-10 00:54:01,699 [INFO] LoadUrlFilesThread:185 - End of LoadServerUrlFiles without Thread
2024-10-10 00:54:01,703 [INFO] DetailPanel:341 - Set advertising image to /Users/walkerhsu/STM32Cube/Repository//en.prom-stm32c071-usb-memories-mcu-finder.png
2024-10-10 00:54:07,922 [INFO] McuFinderGlobals:76 - Set McuFinderConnectedMode to true
2024-10-10 00:54:08,682 [INFO] ApiDb:448 - Save user favorites file /Users/walkerhsu/.stm32cubeide/favorites.mcus.txt: 0 item(s)
2024-10-10 00:54:08,682 [INFO] ApiDb:452 - User favorites MCUs=[]
2024-10-10 00:54:08,689 [INFO] ApiDb:448 - Save user favorites file /Users/walkerhsu/.stm32cubeide/favorites.boards.txt: 1 item(s)
2024-10-10 00:54:08,689 [INFO] ApiDb:452 - User favorites Boards=[B-L475E-IOT01A2]
2024-10-10 00:54:08,697 [INFO] ApiDb:448 - Save user favorites file /Users/walkerhsu/.stm32cubeide/favorites.examples.txt: 0 item(s)
2024-10-10 00:54:08,697 [INFO] ApiDb:452 - User favorites Examples=[]
2024-10-10 01:59:51,136 [INFO] WebApp:189 - Connection lost
2024-10-10 02:00:00,804 [INFO] WebApp:186 - Connection restablished
2024-10-10 02:01:13,073 [INFO] WebApp:189 - Connection lost
2024-10-10 06:22:36,274 [INFO] WebApp:186 - Connection restablished
2024-10-10 11:00:19,944 [INFO] WebApp:189 - Connection lost
2024-10-10 11:00:23,377 [INFO] WebApp:186 - Connection restablished
